2022-05-19 09:34:05 |INFO  |main |SpringApplication.java:655 |com.atguigu.guli.service.cms.ServiceCmsApplication |The following profiles are active: dev
2022-05-19 09:34:06 |INFO  |main |GenericScope.java:295 |org.springframework.cloud.context.scope.GenericScope |BeanFactory id=20120084-e297-3daf-9c18-f5b2c9b6efb4
2022-05-19 09:34:06 |INFO  |main |PostProcessorRegistrationDelegate.java:330 |org.springframework.context.support.PostProcessorRegistrationDelegate$BeanPostProcessorChecker |Bean 'org.springframework.transaction.annotation.ProxyTransactionManagementConfiguration' of type [org.springframework.transaction.annotation.ProxyTransactionManagementConfiguration] is not eligible for getting processed by all BeanPostProcessors (for example: not eligible for auto-proxying)
2022-05-19 09:34:06 |INFO  |main |PostProcessorRegistrationDelegate.java:330 |org.springframework.context.support.PostProcessorRegistrationDelegate$BeanPostProcessorChecker |Bean 'spring.cloud.sentinel-com.alibaba.cloud.sentinel.SentinelProperties' of type [com.alibaba.cloud.sentinel.SentinelProperties] is not eligible for getting processed by all BeanPostProcessors (for example: not eligible for auto-proxying)
2022-05-19 09:34:06 |INFO  |main |PostProcessorRegistrationDelegate.java:330 |org.springframework.context.support.PostProcessorRegistrationDelegate$BeanPostProcessorChecker |Bean 'com.alibaba.cloud.sentinel.custom.SentinelAutoConfiguration' of type [com.alibaba.cloud.sentinel.custom.SentinelAutoConfiguration$$EnhancerBySpringCGLIB$$d1f3849a] is not eligible for getting processed by all BeanPostProcessors (for example: not eligible for auto-proxying)
2022-05-19 09:34:07 |INFO  |main |TomcatWebServer.java:92 |org.springframework.boot.web.embedded.tomcat.TomcatWebServer |Tomcat initialized with port(s): 8140 (http)
2022-05-19 09:34:07 |INFO  |main |DirectJDKLog.java:173 |org.apache.coyote.http11.Http11NioProtocol |Initializing ProtocolHandler ["http-nio-8140"]
2022-05-19 09:34:07 |INFO  |main |DirectJDKLog.java:173 |org.apache.catalina.core.StandardService |Starting service [Tomcat]
2022-05-19 09:34:07 |INFO  |main |DirectJDKLog.java:173 |org.apache.catalina.core.StandardEngine |Starting Servlet engine: [Apache Tomcat/9.0.27]
2022-05-19 09:34:07 |INFO  |main |DirectJDKLog.java:173 |org.apache.catalina.core.ContainerBase.[Tomcat].[localhost].[/] |Initializing Spring embedded WebApplicationContext
2022-05-19 09:34:07 |INFO  |main |ServletWebServerApplicationContext.java:284 |org.springframework.web.context.ContextLoader |Root WebApplicationContext: initialization completed in 1744 ms
2022-05-19 09:34:07 |INFO  |main |SentinelWebAutoConfiguration.java:96 |com.alibaba.cloud.sentinel.SentinelWebAutoConfiguration |[Sentinel Starter] register Sentinel CommonFilter with urlPatterns: [/*].
2022-05-19 09:34:08 |INFO  |main |PropertySourcedRequestMappingHandlerMapping.java:69 |springfox.documentation.spring.web.PropertySourcedRequestMappingHandlerMapping |Mapped URL path [/v2/api-docs] onto method [springfox.documentation.swagger2.web.Swagger2Controller#getDocumentation(String, HttpServletRequest)]
2022-05-19 09:34:08 |INFO  |main |URLConfigurationSource.java:122 |com.netflix.config.sources.URLConfigurationSource |To enable URLs as dynamic configuration sources, define System property archaius.configurationSource.additionalUrls or make config.properties available on classpath.
2022-05-19 09:34:08 |INFO  |main |URLConfigurationSource.java:122 |com.netflix.config.sources.URLConfigurationSource |To enable URLs as dynamic configuration sources, define System property archaius.configurationSource.additionalUrls or make config.properties available on classpath.
2022-05-19 09:34:08 |INFO  |main |ExecutorConfigurationSupport.java:171 |org.springframework.scheduling.concurrent.ThreadPoolTaskExecutor |Initializing ExecutorService 'applicationTaskExecutor'
2022-05-19 09:34:08 |INFO  |main |ExecutorConfigurationSupport.java:171 |org.springframework.scheduling.concurrent.ThreadPoolTaskScheduler |Initializing ExecutorService
2022-05-19 09:34:08 |INFO  |main |DocumentationPluginsBootstrapper.java:147 |springfox.documentation.spring.web.plugins.DocumentationPluginsBootstrapper |Context refreshed
2022-05-19 09:34:08 |INFO  |main |DocumentationPluginsBootstrapper.java:150 |springfox.documentation.spring.web.plugins.DocumentationPluginsBootstrapper |Found 2 custom documentation plugin(s)
2022-05-19 09:34:08 |INFO  |main |ApiListingReferenceScanner.java:41 |springfox.documentation.spring.web.scanners.ApiListingReferenceScanner |Scanning for api listing references
2022-05-19 09:34:09 |INFO  |main |CachingOperationNameGenerator.java:40 |springfox.documentation.spring.web.readers.operation.CachingOperationNameGenerator |Generating unique operation named: getByIdUsingGET_1
2022-05-19 09:34:09 |INFO  |main |CachingOperationNameGenerator.java:40 |springfox.documentation.spring.web.readers.operation.CachingOperationNameGenerator |Generating unique operation named: listPageUsingGET_1
2022-05-19 09:34:09 |INFO  |main |CachingOperationNameGenerator.java:40 |springfox.documentation.spring.web.readers.operation.CachingOperationNameGenerator |Generating unique operation named: removeByIdUsingDELETE_1
2022-05-19 09:34:09 |INFO  |main |CachingOperationNameGenerator.java:40 |springfox.documentation.spring.web.readers.operation.CachingOperationNameGenerator |Generating unique operation named: saveUsingPOST_1
2022-05-19 09:34:09 |INFO  |main |CachingOperationNameGenerator.java:40 |springfox.documentation.spring.web.readers.operation.CachingOperationNameGenerator |Generating unique operation named: updateByIdUsingPUT_1
2022-05-19 09:34:09 |INFO  |main |ApiListingReferenceScanner.java:41 |springfox.documentation.spring.web.scanners.ApiListingReferenceScanner |Scanning for api listing references
2022-05-19 09:34:09 |INFO  |main |DirectJDKLog.java:173 |org.apache.coyote.http11.Http11NioProtocol |Starting ProtocolHandler ["http-nio-8140"]
2022-05-19 09:34:09 |INFO  |main |TomcatWebServer.java:204 |org.springframework.boot.web.embedded.tomcat.TomcatWebServer |Tomcat started on port(s): 8140 (http) with context path ''
2022-05-19 09:34:11 |INFO  |main |StartupInfoLogger.java:61 |com.atguigu.guli.service.cms.ServiceCmsApplication |Started ServiceCmsApplication in 6.902 seconds (JVM running for 7.579)
2022-05-19 09:34:26 |INFO  |SpringContextShutdownHook |NacosServiceRegistry.java:74 |com.alibaba.cloud.nacos.registry.NacosServiceRegistry |De-registering from Nacos Server now...
2022-05-19 09:34:28 |INFO  |SpringContextShutdownHook |NacosServiceRegistry.java:93 |com.alibaba.cloud.nacos.registry.NacosServiceRegistry |De-registration finished.
2022-05-19 09:34:28 |INFO  |SpringContextShutdownHook |ExecutorConfigurationSupport.java:208 |org.springframework.scheduling.concurrent.ThreadPoolTaskExecutor |Shutting down ExecutorService 'applicationTaskExecutor'
2022-05-19 09:34:32 |INFO  |main |SpringApplication.java:655 |com.atguigu.guli.service.cms.ServiceCmsApplication |The following profiles are active: dev
2022-05-19 09:34:34 |INFO  |main |GenericScope.java:295 |org.springframework.cloud.context.scope.GenericScope |BeanFactory id=20120084-e297-3daf-9c18-f5b2c9b6efb4
2022-05-19 09:34:34 |INFO  |main |PostProcessorRegistrationDelegate.java:330 |org.springframework.context.support.PostProcessorRegistrationDelegate$BeanPostProcessorChecker |Bean 'org.springframework.transaction.annotation.ProxyTransactionManagementConfiguration' of type [org.springframework.transaction.annotation.ProxyTransactionManagementConfiguration] is not eligible for getting processed by all BeanPostProcessors (for example: not eligible for auto-proxying)
2022-05-19 09:34:34 |INFO  |main |PostProcessorRegistrationDelegate.java:330 |org.springframework.context.support.PostProcessorRegistrationDelegate$BeanPostProcessorChecker |Bean 'spring.cloud.sentinel-com.alibaba.cloud.sentinel.SentinelProperties' of type [com.alibaba.cloud.sentinel.SentinelProperties] is not eligible for getting processed by all BeanPostProcessors (for example: not eligible for auto-proxying)
2022-05-19 09:34:34 |INFO  |main |PostProcessorRegistrationDelegate.java:330 |org.springframework.context.support.PostProcessorRegistrationDelegate$BeanPostProcessorChecker |Bean 'com.alibaba.cloud.sentinel.custom.SentinelAutoConfiguration' of type [com.alibaba.cloud.sentinel.custom.SentinelAutoConfiguration$$EnhancerBySpringCGLIB$$97fbaf87] is not eligible for getting processed by all BeanPostProcessors (for example: not eligible for auto-proxying)
2022-05-19 09:34:34 |INFO  |main |TomcatWebServer.java:92 |org.springframework.boot.web.embedded.tomcat.TomcatWebServer |Tomcat initialized with port(s): 8140 (http)
2022-05-19 09:34:34 |INFO  |main |DirectJDKLog.java:173 |org.apache.coyote.http11.Http11NioProtocol |Initializing ProtocolHandler ["http-nio-8140"]
2022-05-19 09:34:34 |INFO  |main |DirectJDKLog.java:173 |org.apache.catalina.core.StandardService |Starting service [Tomcat]
2022-05-19 09:34:34 |INFO  |main |DirectJDKLog.java:173 |org.apache.catalina.core.StandardEngine |Starting Servlet engine: [Apache Tomcat/9.0.27]
2022-05-19 09:34:34 |INFO  |main |DirectJDKLog.java:173 |org.apache.catalina.core.ContainerBase.[Tomcat].[localhost].[/] |Initializing Spring embedded WebApplicationContext
2022-05-19 09:34:34 |INFO  |main |ServletWebServerApplicationContext.java:284 |org.springframework.web.context.ContextLoader |Root WebApplicationContext: initialization completed in 2136 ms
2022-05-19 09:34:34 |INFO  |main |SentinelWebAutoConfiguration.java:96 |com.alibaba.cloud.sentinel.SentinelWebAutoConfiguration |[Sentinel Starter] register Sentinel CommonFilter with urlPatterns: [/*].
2022-05-19 09:34:36 |INFO  |main |PropertySourcedRequestMappingHandlerMapping.java:69 |springfox.documentation.spring.web.PropertySourcedRequestMappingHandlerMapping |Mapped URL path [/v2/api-docs] onto method [springfox.documentation.swagger2.web.Swagger2Controller#getDocumentation(String, HttpServletRequest)]
2022-05-19 09:34:36 |INFO  |main |URLConfigurationSource.java:122 |com.netflix.config.sources.URLConfigurationSource |To enable URLs as dynamic configuration sources, define System property archaius.configurationSource.additionalUrls or make config.properties available on classpath.
2022-05-19 09:34:36 |INFO  |main |URLConfigurationSource.java:122 |com.netflix.config.sources.URLConfigurationSource |To enable URLs as dynamic configuration sources, define System property archaius.configurationSource.additionalUrls or make config.properties available on classpath.
2022-05-19 09:34:36 |INFO  |main |ExecutorConfigurationSupport.java:171 |org.springframework.scheduling.concurrent.ThreadPoolTaskExecutor |Initializing ExecutorService 'applicationTaskExecutor'
2022-05-19 09:34:36 |INFO  |main |ExecutorConfigurationSupport.java:171 |org.springframework.scheduling.concurrent.ThreadPoolTaskScheduler |Initializing ExecutorService
2022-05-19 09:34:36 |INFO  |main |DocumentationPluginsBootstrapper.java:147 |springfox.documentation.spring.web.plugins.DocumentationPluginsBootstrapper |Context refreshed
2022-05-19 09:34:36 |INFO  |main |DocumentationPluginsBootstrapper.java:150 |springfox.documentation.spring.web.plugins.DocumentationPluginsBootstrapper |Found 2 custom documentation plugin(s)
2022-05-19 09:34:36 |INFO  |main |ApiListingReferenceScanner.java:41 |springfox.documentation.spring.web.scanners.ApiListingReferenceScanner |Scanning for api listing references
2022-05-19 09:34:37 |INFO  |main |CachingOperationNameGenerator.java:40 |springfox.documentation.spring.web.readers.operation.CachingOperationNameGenerator |Generating unique operation named: getByIdUsingGET_1
2022-05-19 09:34:37 |INFO  |main |CachingOperationNameGenerator.java:40 |springfox.documentation.spring.web.readers.operation.CachingOperationNameGenerator |Generating unique operation named: listPageUsingGET_1
2022-05-19 09:34:37 |INFO  |main |CachingOperationNameGenerator.java:40 |springfox.documentation.spring.web.readers.operation.CachingOperationNameGenerator |Generating unique operation named: removeByIdUsingDELETE_1
2022-05-19 09:34:37 |INFO  |main |CachingOperationNameGenerator.java:40 |springfox.documentation.spring.web.readers.operation.CachingOperationNameGenerator |Generating unique operation named: saveUsingPOST_1
2022-05-19 09:34:37 |INFO  |main |CachingOperationNameGenerator.java:40 |springfox.documentation.spring.web.readers.operation.CachingOperationNameGenerator |Generating unique operation named: updateByIdUsingPUT_1
2022-05-19 09:34:37 |INFO  |main |ApiListingReferenceScanner.java:41 |springfox.documentation.spring.web.scanners.ApiListingReferenceScanner |Scanning for api listing references
2022-05-19 09:34:37 |INFO  |main |DirectJDKLog.java:173 |org.apache.coyote.http11.Http11NioProtocol |Starting ProtocolHandler ["http-nio-8140"]
2022-05-19 09:34:37 |INFO  |main |TomcatWebServer.java:204 |org.springframework.boot.web.embedded.tomcat.TomcatWebServer |Tomcat started on port(s): 8140 (http) with context path ''
2022-05-19 09:34:39 |INFO  |main |StartupInfoLogger.java:61 |com.atguigu.guli.service.cms.ServiceCmsApplication |Started ServiceCmsApplication in 8.006 seconds (JVM running for 8.707)
2022-05-19 09:35:03 |INFO  |SpringContextShutdownHook |NacosServiceRegistry.java:74 |com.alibaba.cloud.nacos.registry.NacosServiceRegistry |De-registering from Nacos Server now...
2022-05-19 09:35:03 |INFO  |SpringContextShutdownHook |NacosServiceRegistry.java:93 |com.alibaba.cloud.nacos.registry.NacosServiceRegistry |De-registration finished.
2022-05-19 09:35:03 |INFO  |SpringContextShutdownHook |ExecutorConfigurationSupport.java:208 |org.springframework.scheduling.concurrent.ThreadPoolTaskExecutor |Shutting down ExecutorService 'applicationTaskExecutor'
2022-05-19 09:35:07 |INFO  |main |SpringApplication.java:655 |com.atguigu.guli.service.cms.ServiceCmsApplication |The following profiles are active: dev
2022-05-19 09:35:08 |INFO  |main |GenericScope.java:295 |org.springframework.cloud.context.scope.GenericScope |BeanFactory id=20120084-e297-3daf-9c18-f5b2c9b6efb4
2022-05-19 09:35:08 |INFO  |main |PostProcessorRegistrationDelegate.java:330 |org.springframework.context.support.PostProcessorRegistrationDelegate$BeanPostProcessorChecker |Bean 'org.springframework.transaction.annotation.ProxyTransactionManagementConfiguration' of type [org.springframework.transaction.annotation.ProxyTransactionManagementConfiguration] is not eligible for getting processed by all BeanPostProcessors (for example: not eligible for auto-proxying)
2022-05-19 09:35:08 |INFO  |main |PostProcessorRegistrationDelegate.java:330 |org.springframework.context.support.PostProcessorRegistrationDelegate$BeanPostProcessorChecker |Bean 'spring.cloud.sentinel-com.alibaba.cloud.sentinel.SentinelProperties' of type [com.alibaba.cloud.sentinel.SentinelProperties] is not eligible for getting processed by all BeanPostProcessors (for example: not eligible for auto-proxying)
2022-05-19 09:35:08 |INFO  |main |PostProcessorRegistrationDelegate.java:330 |org.springframework.context.support.PostProcessorRegistrationDelegate$BeanPostProcessorChecker |Bean 'com.alibaba.cloud.sentinel.custom.SentinelAutoConfiguration' of type [com.alibaba.cloud.sentinel.custom.SentinelAutoConfiguration$$EnhancerBySpringCGLIB$$97fbaf87] is not eligible for getting processed by all BeanPostProcessors (for example: not eligible for auto-proxying)
2022-05-19 09:35:09 |INFO  |main |TomcatWebServer.java:92 |org.springframework.boot.web.embedded.tomcat.TomcatWebServer |Tomcat initialized with port(s): 8140 (http)
2022-05-19 09:35:09 |INFO  |main |DirectJDKLog.java:173 |org.apache.coyote.http11.Http11NioProtocol |Initializing ProtocolHandler ["http-nio-8140"]
2022-05-19 09:35:09 |INFO  |main |DirectJDKLog.java:173 |org.apache.catalina.core.StandardService |Starting service [Tomcat]
2022-05-19 09:35:09 |INFO  |main |DirectJDKLog.java:173 |org.apache.catalina.core.StandardEngine |Starting Servlet engine: [Apache Tomcat/9.0.27]
2022-05-19 09:35:09 |INFO  |main |DirectJDKLog.java:173 |org.apache.catalina.core.ContainerBase.[Tomcat].[localhost].[/] |Initializing Spring embedded WebApplicationContext
2022-05-19 09:35:09 |INFO  |main |ServletWebServerApplicationContext.java:284 |org.springframework.web.context.ContextLoader |Root WebApplicationContext: initialization completed in 1707 ms
2022-05-19 09:35:09 |INFO  |main |SentinelWebAutoConfiguration.java:96 |com.alibaba.cloud.sentinel.SentinelWebAutoConfiguration |[Sentinel Starter] register Sentinel CommonFilter with urlPatterns: [/*].
2022-05-19 09:35:10 |INFO  |main |PropertySourcedRequestMappingHandlerMapping.java:69 |springfox.documentation.spring.web.PropertySourcedRequestMappingHandlerMapping |Mapped URL path [/v2/api-docs] onto method [springfox.documentation.swagger2.web.Swagger2Controller#getDocumentation(String, HttpServletRequest)]
2022-05-19 09:35:10 |INFO  |main |URLConfigurationSource.java:122 |com.netflix.config.sources.URLConfigurationSource |To enable URLs as dynamic configuration sources, define System property archaius.configurationSource.additionalUrls or make config.properties available on classpath.
2022-05-19 09:35:10 |INFO  |main |URLConfigurationSource.java:122 |com.netflix.config.sources.URLConfigurationSource |To enable URLs as dynamic configuration sources, define System property archaius.configurationSource.additionalUrls or make config.properties available on classpath.
2022-05-19 09:35:10 |INFO  |main |ExecutorConfigurationSupport.java:171 |org.springframework.scheduling.concurrent.ThreadPoolTaskExecutor |Initializing ExecutorService 'applicationTaskExecutor'
2022-05-19 09:35:10 |INFO  |main |ExecutorConfigurationSupport.java:171 |org.springframework.scheduling.concurrent.ThreadPoolTaskScheduler |Initializing ExecutorService
2022-05-19 09:35:10 |INFO  |main |DocumentationPluginsBootstrapper.java:147 |springfox.documentation.spring.web.plugins.DocumentationPluginsBootstrapper |Context refreshed
2022-05-19 09:35:10 |INFO  |main |DocumentationPluginsBootstrapper.java:150 |springfox.documentation.spring.web.plugins.DocumentationPluginsBootstrapper |Found 2 custom documentation plugin(s)
2022-05-19 09:35:10 |INFO  |main |ApiListingReferenceScanner.java:41 |springfox.documentation.spring.web.scanners.ApiListingReferenceScanner |Scanning for api listing references
2022-05-19 09:35:11 |INFO  |main |CachingOperationNameGenerator.java:40 |springfox.documentation.spring.web.readers.operation.CachingOperationNameGenerator |Generating unique operation named: getByIdUsingGET_1
2022-05-19 09:35:11 |INFO  |main |CachingOperationNameGenerator.java:40 |springfox.documentation.spring.web.readers.operation.CachingOperationNameGenerator |Generating unique operation named: listPageUsingGET_1
2022-05-19 09:35:11 |INFO  |main |CachingOperationNameGenerator.java:40 |springfox.documentation.spring.web.readers.operation.CachingOperationNameGenerator |Generating unique operation named: removeByIdUsingDELETE_1
2022-05-19 09:35:11 |INFO  |main |CachingOperationNameGenerator.java:40 |springfox.documentation.spring.web.readers.operation.CachingOperationNameGenerator |Generating unique operation named: saveUsingPOST_1
2022-05-19 09:35:11 |INFO  |main |CachingOperationNameGenerator.java:40 |springfox.documentation.spring.web.readers.operation.CachingOperationNameGenerator |Generating unique operation named: updateByIdUsingPUT_1
2022-05-19 09:35:11 |INFO  |main |ApiListingReferenceScanner.java:41 |springfox.documentation.spring.web.scanners.ApiListingReferenceScanner |Scanning for api listing references
2022-05-19 09:35:11 |INFO  |main |DirectJDKLog.java:173 |org.apache.coyote.http11.Http11NioProtocol |Starting ProtocolHandler ["http-nio-8140"]
2022-05-19 09:35:11 |INFO  |main |TomcatWebServer.java:204 |org.springframework.boot.web.embedded.tomcat.TomcatWebServer |Tomcat started on port(s): 8140 (http) with context path ''
2022-05-19 09:35:11 |INFO  |main |NacosServiceRegistry.java:62 |com.alibaba.cloud.nacos.registry.NacosServiceRegistry |nacos registry, service-cms 192.168.31.205:8140 register finished
2022-05-19 09:35:11 |INFO  |main |StartupInfoLogger.java:61 |com.atguigu.guli.service.cms.ServiceCmsApplication |Started ServiceCmsApplication in 4.655 seconds (JVM running for 5.303)
2022-05-19 09:35:35 |INFO  |http-nio-8140-exec-1 |DirectJDKLog.java:173 |org.apache.catalina.core.ContainerBase.[Tomcat].[localhost].[/] |Initializing Spring DispatcherServlet 'dispatcherServlet'
2022-05-19 09:35:35 |INFO  |http-nio-8140-exec-1 |FrameworkServlet.java:525 |org.springframework.web.servlet.DispatcherServlet |Initializing Servlet 'dispatcherServlet'
2022-05-19 09:35:35 |INFO  |http-nio-8140-exec-1 |FrameworkServlet.java:547 |org.springframework.web.servlet.DispatcherServlet |Completed initialization in 22 ms
2022-05-19 09:35:48 |INFO  |http-nio-8140-exec-4 |HikariDataSource.java:110 |com.zaxxer.hikari.HikariDataSource |HikariPool-1 - Starting...
2022-05-19 09:35:48 |INFO  |http-nio-8140-exec-4 |HikariDataSource.java:123 |com.zaxxer.hikari.HikariDataSource |HikariPool-1 - Start completed.
2022-05-19 09:43:23 |INFO  |SpringContextShutdownHook |NacosServiceRegistry.java:74 |com.alibaba.cloud.nacos.registry.NacosServiceRegistry |De-registering from Nacos Server now...
2022-05-19 09:43:23 |INFO  |SpringContextShutdownHook |NacosServiceRegistry.java:93 |com.alibaba.cloud.nacos.registry.NacosServiceRegistry |De-registration finished.
2022-05-19 09:43:23 |INFO  |SpringContextShutdownHook |ExecutorConfigurationSupport.java:208 |org.springframework.scheduling.concurrent.ThreadPoolTaskExecutor |Shutting down ExecutorService 'applicationTaskExecutor'
2022-05-19 09:43:23 |INFO  |SpringContextShutdownHook |HikariDataSource.java:350 |com.zaxxer.hikari.HikariDataSource |HikariPool-1 - Shutdown initiated...
2022-05-19 09:43:23 |INFO  |SpringContextShutdownHook |HikariDataSource.java:352 |com.zaxxer.hikari.HikariDataSource |HikariPool-1 - Shutdown completed.
2022-05-19 09:43:29 |INFO  |main |SpringApplication.java:655 |com.atguigu.guli.service.cms.ServiceCmsApplication |The following profiles are active: dev
2022-05-19 09:43:30 |INFO  |main |GenericScope.java:295 |org.springframework.cloud.context.scope.GenericScope |BeanFactory id=20120084-e297-3daf-9c18-f5b2c9b6efb4
2022-05-19 09:43:30 |INFO  |main |PostProcessorRegistrationDelegate.java:330 |org.springframework.context.support.PostProcessorRegistrationDelegate$BeanPostProcessorChecker |Bean 'org.springframework.transaction.annotation.ProxyTransactionManagementConfiguration' of type [org.springframework.transaction.annotation.ProxyTransactionManagementConfiguration] is not eligible for getting processed by all BeanPostProcessors (for example: not eligible for auto-proxying)
2022-05-19 09:43:30 |INFO  |main |PostProcessorRegistrationDelegate.java:330 |org.springframework.context.support.PostProcessorRegistrationDelegate$BeanPostProcessorChecker |Bean 'spring.cloud.sentinel-com.alibaba.cloud.sentinel.SentinelProperties' of type [com.alibaba.cloud.sentinel.SentinelProperties] is not eligible for getting processed by all BeanPostProcessors (for example: not eligible for auto-proxying)
2022-05-19 09:43:30 |INFO  |main |PostProcessorRegistrationDelegate.java:330 |org.springframework.context.support.PostProcessorRegistrationDelegate$BeanPostProcessorChecker |Bean 'com.alibaba.cloud.sentinel.custom.SentinelAutoConfiguration' of type [com.alibaba.cloud.sentinel.custom.SentinelAutoConfiguration$$EnhancerBySpringCGLIB$$7ec83df9] is not eligible for getting processed by all BeanPostProcessors (for example: not eligible for auto-proxying)
2022-05-19 09:43:31 |INFO  |main |TomcatWebServer.java:92 |org.springframework.boot.web.embedded.tomcat.TomcatWebServer |Tomcat initialized with port(s): 8140 (http)
2022-05-19 09:43:31 |INFO  |main |DirectJDKLog.java:173 |org.apache.coyote.http11.Http11NioProtocol |Initializing ProtocolHandler ["http-nio-8140"]
2022-05-19 09:43:31 |INFO  |main |DirectJDKLog.java:173 |org.apache.catalina.core.StandardService |Starting service [Tomcat]
2022-05-19 09:43:31 |INFO  |main |DirectJDKLog.java:173 |org.apache.catalina.core.StandardEngine |Starting Servlet engine: [Apache Tomcat/9.0.27]
2022-05-19 09:43:31 |INFO  |main |DirectJDKLog.java:173 |org.apache.catalina.core.ContainerBase.[Tomcat].[localhost].[/] |Initializing Spring embedded WebApplicationContext
2022-05-19 09:43:31 |INFO  |main |ServletWebServerApplicationContext.java:284 |org.springframework.web.context.ContextLoader |Root WebApplicationContext: initialization completed in 1790 ms
2022-05-19 09:43:31 |INFO  |main |SentinelWebAutoConfiguration.java:96 |com.alibaba.cloud.sentinel.SentinelWebAutoConfiguration |[Sentinel Starter] register Sentinel CommonFilter with urlPatterns: [/*].
2022-05-19 09:43:32 |INFO  |main |PropertySourcedRequestMappingHandlerMapping.java:69 |springfox.documentation.spring.web.PropertySourcedRequestMappingHandlerMapping |Mapped URL path [/v2/api-docs] onto method [springfox.documentation.swagger2.web.Swagger2Controller#getDocumentation(String, HttpServletRequest)]
2022-05-19 09:43:32 |INFO  |main |URLConfigurationSource.java:122 |com.netflix.config.sources.URLConfigurationSource |To enable URLs as dynamic configuration sources, define System property archaius.configurationSource.additionalUrls or make config.properties available on classpath.
2022-05-19 09:43:32 |INFO  |main |URLConfigurationSource.java:122 |com.netflix.config.sources.URLConfigurationSource |To enable URLs as dynamic configuration sources, define System property archaius.configurationSource.additionalUrls or make config.properties available on classpath.
2022-05-19 09:43:32 |INFO  |main |ExecutorConfigurationSupport.java:171 |org.springframework.scheduling.concurrent.ThreadPoolTaskExecutor |Initializing ExecutorService 'applicationTaskExecutor'
2022-05-19 09:43:32 |INFO  |main |ExecutorConfigurationSupport.java:171 |org.springframework.scheduling.concurrent.ThreadPoolTaskScheduler |Initializing ExecutorService
2022-05-19 09:43:32 |INFO  |main |DocumentationPluginsBootstrapper.java:147 |springfox.documentation.spring.web.plugins.DocumentationPluginsBootstrapper |Context refreshed
2022-05-19 09:43:32 |INFO  |main |DocumentationPluginsBootstrapper.java:150 |springfox.documentation.spring.web.plugins.DocumentationPluginsBootstrapper |Found 2 custom documentation plugin(s)
2022-05-19 09:43:32 |INFO  |main |ApiListingReferenceScanner.java:41 |springfox.documentation.spring.web.scanners.ApiListingReferenceScanner |Scanning for api listing references
2022-05-19 09:43:32 |INFO  |main |CachingOperationNameGenerator.java:40 |springfox.documentation.spring.web.readers.operation.CachingOperationNameGenerator |Generating unique operation named: getByIdUsingGET_1
2022-05-19 09:43:32 |INFO  |main |CachingOperationNameGenerator.java:40 |springfox.documentation.spring.web.readers.operation.CachingOperationNameGenerator |Generating unique operation named: listPageUsingGET_1
2022-05-19 09:43:32 |INFO  |main |CachingOperationNameGenerator.java:40 |springfox.documentation.spring.web.readers.operation.CachingOperationNameGenerator |Generating unique operation named: removeByIdUsingDELETE_1
2022-05-19 09:43:32 |INFO  |main |CachingOperationNameGenerator.java:40 |springfox.documentation.spring.web.readers.operation.CachingOperationNameGenerator |Generating unique operation named: saveUsingPOST_1
2022-05-19 09:43:32 |INFO  |main |CachingOperationNameGenerator.java:40 |springfox.documentation.spring.web.readers.operation.CachingOperationNameGenerator |Generating unique operation named: updateByIdUsingPUT_1
2022-05-19 09:43:32 |INFO  |main |ApiListingReferenceScanner.java:41 |springfox.documentation.spring.web.scanners.ApiListingReferenceScanner |Scanning for api listing references
2022-05-19 09:43:32 |INFO  |main |DirectJDKLog.java:173 |org.apache.coyote.http11.Http11NioProtocol |Starting ProtocolHandler ["http-nio-8140"]
2022-05-19 09:43:32 |INFO  |main |TomcatWebServer.java:204 |org.springframework.boot.web.embedded.tomcat.TomcatWebServer |Tomcat started on port(s): 8140 (http) with context path ''
2022-05-19 09:43:33 |INFO  |main |NacosServiceRegistry.java:62 |com.alibaba.cloud.nacos.registry.NacosServiceRegistry |nacos registry, service-cms 192.168.31.205:8140 register finished
2022-05-19 09:43:33 |INFO  |main |StartupInfoLogger.java:61 |com.atguigu.guli.service.cms.ServiceCmsApplication |Started ServiceCmsApplication in 4.931 seconds (JVM running for 5.493)
2022-05-19 09:44:01 |INFO  |http-nio-8140-exec-1 |DirectJDKLog.java:173 |org.apache.catalina.core.ContainerBase.[Tomcat].[localhost].[/] |Initializing Spring DispatcherServlet 'dispatcherServlet'
2022-05-19 09:44:01 |INFO  |http-nio-8140-exec-1 |FrameworkServlet.java:525 |org.springframework.web.servlet.DispatcherServlet |Initializing Servlet 'dispatcherServlet'
2022-05-19 09:44:01 |INFO  |http-nio-8140-exec-1 |FrameworkServlet.java:547 |org.springframework.web.servlet.DispatcherServlet |Completed initialization in 19 ms
2022-05-19 10:39:02 |INFO  |http-nio-8140-exec-1 |HikariDataSource.java:110 |com.zaxxer.hikari.HikariDataSource |HikariPool-1 - Starting...
2022-05-19 10:39:03 |INFO  |http-nio-8140-exec-1 |HikariDataSource.java:123 |com.zaxxer.hikari.HikariDataSource |HikariPool-1 - Start completed.
2022-05-19 17:07:09 |INFO  |SpringContextShutdownHook |NacosServiceRegistry.java:74 |com.alibaba.cloud.nacos.registry.NacosServiceRegistry |De-registering from Nacos Server now...
2022-05-19 17:07:09 |INFO  |SpringContextShutdownHook |NacosServiceRegistry.java:93 |com.alibaba.cloud.nacos.registry.NacosServiceRegistry |De-registration finished.
2022-05-19 17:07:09 |INFO  |SpringContextShutdownHook |ExecutorConfigurationSupport.java:208 |org.springframework.scheduling.concurrent.ThreadPoolTaskExecutor |Shutting down ExecutorService 'applicationTaskExecutor'
2022-05-19 17:07:09 |INFO  |SpringContextShutdownHook |HikariDataSource.java:350 |com.zaxxer.hikari.HikariDataSource |HikariPool-1 - Shutdown initiated...
2022-05-19 17:07:09 |INFO  |SpringContextShutdownHook |HikariDataSource.java:352 |com.zaxxer.hikari.HikariDataSource |HikariPool-1 - Shutdown completed.
