2022-06-02 11:18:43 |INFO  |main |SpringApplication.java:655 |com.atguigu.guli.service.edu.ServiceEduApplication |The following profiles are active: dev
2022-06-02 11:18:44 |INFO  |main |RepositoryConfigurationDelegate.java:246 |org.springframework.data.repository.config.RepositoryConfigurationDelegate |Multiple Spring Data modules found, entering strict repository configuration mode!
2022-06-02 11:18:44 |INFO  |main |RepositoryConfigurationDelegate.java:126 |org.springframework.data.repository.config.RepositoryConfigurationDelegate |Bootstrapping Spring Data repositories in DEFAULT mode.
2022-06-02 11:18:44 |INFO  |main |RepositoryConfigurationDelegate.java:184 |org.springframework.data.repository.config.RepositoryConfigurationDelegate |Finished Spring Data repository scanning in 29ms. Found 0 repository interfaces.
2022-06-02 11:18:44 |INFO  |main |GenericScope.java:295 |org.springframework.cloud.context.scope.GenericScope |BeanFactory id=5b92348f-53be-3114-93cf-e82ff2b03d16
2022-06-02 11:18:44 |INFO  |main |PostProcessorRegistrationDelegate.java:330 |org.springframework.context.support.PostProcessorRegistrationDelegate$BeanPostProcessorChecker |Bean 'org.springframework.transaction.annotation.ProxyTransactionManagementConfiguration' of type [org.springframework.transaction.annotation.ProxyTransactionManagementConfiguration] is not eligible for getting processed by all BeanPostProcessors (for example: not eligible for auto-proxying)
2022-06-02 11:18:45 |INFO  |main |PostProcessorRegistrationDelegate.java:330 |org.springframework.context.support.PostProcessorRegistrationDelegate$BeanPostProcessorChecker |Bean 'spring.cloud.sentinel-com.alibaba.cloud.sentinel.SentinelProperties' of type [com.alibaba.cloud.sentinel.SentinelProperties] is not eligible for getting processed by all BeanPostProcessors (for example: not eligible for auto-proxying)
2022-06-02 11:18:45 |INFO  |main |PostProcessorRegistrationDelegate.java:330 |org.springframework.context.support.PostProcessorRegistrationDelegate$BeanPostProcessorChecker |Bean 'com.alibaba.cloud.sentinel.custom.SentinelAutoConfiguration' of type [com.alibaba.cloud.sentinel.custom.SentinelAutoConfiguration$$EnhancerBySpringCGLIB$$3aec6db8] is not eligible for getting processed by all BeanPostProcessors (for example: not eligible for auto-proxying)
2022-06-02 11:18:45 |INFO  |main |TomcatWebServer.java:92 |org.springframework.boot.web.embedded.tomcat.TomcatWebServer |Tomcat initialized with port(s): 8110 (http)
2022-06-02 11:18:45 |INFO  |main |DirectJDKLog.java:173 |org.apache.coyote.http11.Http11NioProtocol |Initializing ProtocolHandler ["http-nio-8110"]
2022-06-02 11:18:45 |INFO  |main |DirectJDKLog.java:173 |org.apache.catalina.core.StandardService |Starting service [Tomcat]
2022-06-02 11:18:45 |INFO  |main |DirectJDKLog.java:173 |org.apache.catalina.core.StandardEngine |Starting Servlet engine: [Apache Tomcat/9.0.27]
2022-06-02 11:18:45 |INFO  |main |DirectJDKLog.java:173 |org.apache.catalina.core.ContainerBase.[Tomcat].[localhost].[/] |Initializing Spring embedded WebApplicationContext
2022-06-02 11:18:45 |INFO  |main |ServletWebServerApplicationContext.java:284 |org.springframework.web.context.ContextLoader |Root WebApplicationContext: initialization completed in 2841 ms
2022-06-02 11:18:45 |INFO  |main |SentinelWebAutoConfiguration.java:96 |com.alibaba.cloud.sentinel.SentinelWebAutoConfiguration |[Sentinel Starter] register Sentinel CommonFilter with urlPatterns: [/*].
2022-06-02 11:18:48 |INFO  |main |PropertySourcedRequestMappingHandlerMapping.java:69 |springfox.documentation.spring.web.PropertySourcedRequestMappingHandlerMapping |Mapped URL path [/v2/api-docs] onto method [springfox.documentation.swagger2.web.Swagger2Controller#getDocumentation(String, HttpServletRequest)]
2022-06-02 11:18:48 |INFO  |main |URLConfigurationSource.java:122 |com.netflix.config.sources.URLConfigurationSource |To enable URLs as dynamic configuration sources, define System property archaius.configurationSource.additionalUrls or make config.properties available on classpath.
2022-06-02 11:18:48 |INFO  |main |URLConfigurationSource.java:122 |com.netflix.config.sources.URLConfigurationSource |To enable URLs as dynamic configuration sources, define System property archaius.configurationSource.additionalUrls or make config.properties available on classpath.
2022-06-02 11:18:48 |INFO  |main |ExecutorConfigurationSupport.java:171 |org.springframework.scheduling.concurrent.ThreadPoolTaskExecutor |Initializing ExecutorService 'applicationTaskExecutor'
2022-06-02 11:18:48 |INFO  |main |ExecutorConfigurationSupport.java:171 |org.springframework.scheduling.concurrent.ThreadPoolTaskScheduler |Initializing ExecutorService
2022-06-02 11:18:49 |INFO  |main |DocumentationPluginsBootstrapper.java:147 |springfox.documentation.spring.web.plugins.DocumentationPluginsBootstrapper |Context refreshed
2022-06-02 11:18:49 |INFO  |main |DocumentationPluginsBootstrapper.java:150 |springfox.documentation.spring.web.plugins.DocumentationPluginsBootstrapper |Found 2 custom documentation plugin(s)
2022-06-02 11:18:49 |INFO  |main |ApiListingReferenceScanner.java:41 |springfox.documentation.spring.web.scanners.ApiListingReferenceScanner |Scanning for api listing references
2022-06-02 11:18:49 |INFO  |main |CachingOperationNameGenerator.java:40 |springfox.documentation.spring.web.readers.operation.CachingOperationNameGenerator |Generating unique operation named: getByIdUsingGET_1
2022-06-02 11:18:49 |INFO  |main |CachingOperationNameGenerator.java:40 |springfox.documentation.spring.web.readers.operation.CachingOperationNameGenerator |Generating unique operation named: removeByIdUsingDELETE_1
2022-06-02 11:18:49 |INFO  |main |CachingOperationNameGenerator.java:40 |springfox.documentation.spring.web.readers.operation.CachingOperationNameGenerator |Generating unique operation named: getByIdUsingGET_2
2022-06-02 11:18:49 |INFO  |main |CachingOperationNameGenerator.java:40 |springfox.documentation.spring.web.readers.operation.CachingOperationNameGenerator |Generating unique operation named: listPageUsingGET_1
2022-06-02 11:18:49 |INFO  |main |CachingOperationNameGenerator.java:40 |springfox.documentation.spring.web.readers.operation.CachingOperationNameGenerator |Generating unique operation named: removeByIdUsingDELETE_2
2022-06-02 11:18:49 |INFO  |main |CachingOperationNameGenerator.java:40 |springfox.documentation.spring.web.readers.operation.CachingOperationNameGenerator |Generating unique operation named: saveUsingPOST_1
2022-06-02 11:18:49 |INFO  |main |CachingOperationNameGenerator.java:40 |springfox.documentation.spring.web.readers.operation.CachingOperationNameGenerator |Generating unique operation named: updateByIdUsingPUT_1
2022-06-02 11:18:49 |INFO  |main |CachingOperationNameGenerator.java:40 |springfox.documentation.spring.web.readers.operation.CachingOperationNameGenerator |Generating unique operation named: getByIdUsingGET_3
2022-06-02 11:18:49 |INFO  |main |CachingOperationNameGenerator.java:40 |springfox.documentation.spring.web.readers.operation.CachingOperationNameGenerator |Generating unique operation named: removeByIdUsingDELETE_3
2022-06-02 11:18:49 |INFO  |main |CachingOperationNameGenerator.java:40 |springfox.documentation.spring.web.readers.operation.CachingOperationNameGenerator |Generating unique operation named: saveUsingPOST_2
2022-06-02 11:18:49 |INFO  |main |CachingOperationNameGenerator.java:40 |springfox.documentation.spring.web.readers.operation.CachingOperationNameGenerator |Generating unique operation named: updateByIdUsingPUT_2
2022-06-02 11:18:49 |INFO  |main |ApiListingReferenceScanner.java:41 |springfox.documentation.spring.web.scanners.ApiListingReferenceScanner |Scanning for api listing references
2022-06-02 11:18:49 |INFO  |main |CachingOperationNameGenerator.java:40 |springfox.documentation.spring.web.readers.operation.CachingOperationNameGenerator |Generating unique operation named: getByIdUsingGET_4
2022-06-02 11:18:49 |INFO  |main |CachingOperationNameGenerator.java:40 |springfox.documentation.spring.web.readers.operation.CachingOperationNameGenerator |Generating unique operation named: nestedListUsingGET_1
2022-06-02 11:18:49 |INFO  |main |CachingOperationNameGenerator.java:40 |springfox.documentation.spring.web.readers.operation.CachingOperationNameGenerator |Generating unique operation named: listAllUsingGET_1
2022-06-02 11:18:49 |INFO  |main |DirectJDKLog.java:173 |org.apache.coyote.http11.Http11NioProtocol |Starting ProtocolHandler ["http-nio-8110"]
2022-06-02 11:18:49 |INFO  |main |TomcatWebServer.java:204 |org.springframework.boot.web.embedded.tomcat.TomcatWebServer |Tomcat started on port(s): 8110 (http) with context path ''
2022-06-02 11:19:40 |INFO  |main |StartupInfoLogger.java:61 |com.atguigu.guli.service.edu.ServiceEduApplication |Started ServiceEduApplication in 58.32 seconds (JVM running for 59.022)
2022-06-02 11:25:14 |INFO  |http-nio-8110-exec-1 |DirectJDKLog.java:173 |org.apache.catalina.core.ContainerBase.[Tomcat].[localhost].[/] |Initializing Spring DispatcherServlet 'dispatcherServlet'
2022-06-02 11:25:14 |INFO  |http-nio-8110-exec-1 |FrameworkServlet.java:525 |org.springframework.web.servlet.DispatcherServlet |Initializing Servlet 'dispatcherServlet'
2022-06-02 11:25:14 |INFO  |http-nio-8110-exec-1 |FrameworkServlet.java:547 |org.springframework.web.servlet.DispatcherServlet |Completed initialization in 29 ms
2022-06-02 11:25:14 |INFO  |http-nio-8110-exec-1 |EpollProvider.java:68 |io.lettuce.core.EpollProvider |Starting without optional epoll library
2022-06-02 11:25:14 |INFO  |http-nio-8110-exec-1 |KqueueProvider.java:70 |io.lettuce.core.KqueueProvider |Starting without optional kqueue library
2022-06-02 11:25:15 |INFO  |http-nio-8110-exec-1 |HikariDataSource.java:110 |com.zaxxer.hikari.HikariDataSource |HikariPool-1 - Starting...
2022-06-02 11:25:15 |INFO  |http-nio-8110-exec-1 |HikariDataSource.java:123 |com.zaxxer.hikari.HikariDataSource |HikariPool-1 - Start completed.
2022-06-02 11:35:33 |INFO  |SpringContextShutdownHook |NacosServiceRegistry.java:74 |com.alibaba.cloud.nacos.registry.NacosServiceRegistry |De-registering from Nacos Server now...
2022-06-02 11:36:23 |INFO  |SpringContextShutdownHook |NacosServiceRegistry.java:93 |com.alibaba.cloud.nacos.registry.NacosServiceRegistry |De-registration finished.
2022-06-02 11:36:23 |INFO  |SpringContextShutdownHook |ExecutorConfigurationSupport.java:208 |org.springframework.scheduling.concurrent.ThreadPoolTaskExecutor |Shutting down ExecutorService 'applicationTaskExecutor'
2022-06-02 11:36:23 |INFO  |SpringContextShutdownHook |HikariDataSource.java:350 |com.zaxxer.hikari.HikariDataSource |HikariPool-1 - Shutdown initiated...
2022-06-02 11:36:23 |INFO  |SpringContextShutdownHook |HikariDataSource.java:352 |com.zaxxer.hikari.HikariDataSource |HikariPool-1 - Shutdown completed.
2022-06-02 11:47:28 |INFO  |main |SpringApplication.java:655 |com.atguigu.guli.service.edu.ServiceEduApplication |The following profiles are active: dev
2022-06-02 11:47:29 |INFO  |main |RepositoryConfigurationDelegate.java:246 |org.springframework.data.repository.config.RepositoryConfigurationDelegate |Multiple Spring Data modules found, entering strict repository configuration mode!
2022-06-02 11:47:29 |INFO  |main |RepositoryConfigurationDelegate.java:126 |org.springframework.data.repository.config.RepositoryConfigurationDelegate |Bootstrapping Spring Data repositories in DEFAULT mode.
2022-06-02 11:47:29 |INFO  |main |RepositoryConfigurationDelegate.java:184 |org.springframework.data.repository.config.RepositoryConfigurationDelegate |Finished Spring Data repository scanning in 21ms. Found 0 repository interfaces.
2022-06-02 11:47:29 |INFO  |main |GenericScope.java:295 |org.springframework.cloud.context.scope.GenericScope |BeanFactory id=5b92348f-53be-3114-93cf-e82ff2b03d16
2022-06-02 11:47:30 |INFO  |main |PostProcessorRegistrationDelegate.java:330 |org.springframework.context.support.PostProcessorRegistrationDelegate$BeanPostProcessorChecker |Bean 'org.springframework.transaction.annotation.ProxyTransactionManagementConfiguration' of type [org.springframework.transaction.annotation.ProxyTransactionManagementConfiguration] is not eligible for getting processed by all BeanPostProcessors (for example: not eligible for auto-proxying)
2022-06-02 11:47:30 |INFO  |main |PostProcessorRegistrationDelegate.java:330 |org.springframework.context.support.PostProcessorRegistrationDelegate$BeanPostProcessorChecker |Bean 'spring.cloud.sentinel-com.alibaba.cloud.sentinel.SentinelProperties' of type [com.alibaba.cloud.sentinel.SentinelProperties] is not eligible for getting processed by all BeanPostProcessors (for example: not eligible for auto-proxying)
2022-06-02 11:47:30 |INFO  |main |PostProcessorRegistrationDelegate.java:330 |org.springframework.context.support.PostProcessorRegistrationDelegate$BeanPostProcessorChecker |Bean 'com.alibaba.cloud.sentinel.custom.SentinelAutoConfiguration' of type [com.alibaba.cloud.sentinel.custom.SentinelAutoConfiguration$$EnhancerBySpringCGLIB$$c54efc79] is not eligible for getting processed by all BeanPostProcessors (for example: not eligible for auto-proxying)
2022-06-02 11:47:30 |INFO  |main |TomcatWebServer.java:92 |org.springframework.boot.web.embedded.tomcat.TomcatWebServer |Tomcat initialized with port(s): 8110 (http)
2022-06-02 11:47:30 |INFO  |main |DirectJDKLog.java:173 |org.apache.coyote.http11.Http11NioProtocol |Initializing ProtocolHandler ["http-nio-8110"]
2022-06-02 11:47:30 |INFO  |main |DirectJDKLog.java:173 |org.apache.catalina.core.StandardService |Starting service [Tomcat]
2022-06-02 11:47:30 |INFO  |main |DirectJDKLog.java:173 |org.apache.catalina.core.StandardEngine |Starting Servlet engine: [Apache Tomcat/9.0.27]
2022-06-02 11:47:30 |INFO  |main |DirectJDKLog.java:173 |org.apache.catalina.core.ContainerBase.[Tomcat].[localhost].[/] |Initializing Spring embedded WebApplicationContext
2022-06-02 11:47:30 |INFO  |main |ServletWebServerApplicationContext.java:284 |org.springframework.web.context.ContextLoader |Root WebApplicationContext: initialization completed in 2354 ms
2022-06-02 11:47:30 |INFO  |main |SentinelWebAutoConfiguration.java:96 |com.alibaba.cloud.sentinel.SentinelWebAutoConfiguration |[Sentinel Starter] register Sentinel CommonFilter with urlPatterns: [/*].
2022-06-02 11:47:32 |INFO  |main |PropertySourcedRequestMappingHandlerMapping.java:69 |springfox.documentation.spring.web.PropertySourcedRequestMappingHandlerMapping |Mapped URL path [/v2/api-docs] onto method [springfox.documentation.swagger2.web.Swagger2Controller#getDocumentation(String, HttpServletRequest)]
2022-06-02 11:47:32 |INFO  |main |URLConfigurationSource.java:122 |com.netflix.config.sources.URLConfigurationSource |To enable URLs as dynamic configuration sources, define System property archaius.configurationSource.additionalUrls or make config.properties available on classpath.
2022-06-02 11:47:32 |INFO  |main |URLConfigurationSource.java:122 |com.netflix.config.sources.URLConfigurationSource |To enable URLs as dynamic configuration sources, define System property archaius.configurationSource.additionalUrls or make config.properties available on classpath.
2022-06-02 11:47:32 |INFO  |main |ExecutorConfigurationSupport.java:171 |org.springframework.scheduling.concurrent.ThreadPoolTaskExecutor |Initializing ExecutorService 'applicationTaskExecutor'
2022-06-02 11:47:32 |INFO  |main |ExecutorConfigurationSupport.java:171 |org.springframework.scheduling.concurrent.ThreadPoolTaskScheduler |Initializing ExecutorService
2022-06-02 11:47:33 |INFO  |main |DocumentationPluginsBootstrapper.java:147 |springfox.documentation.spring.web.plugins.DocumentationPluginsBootstrapper |Context refreshed
2022-06-02 11:47:33 |INFO  |main |DocumentationPluginsBootstrapper.java:150 |springfox.documentation.spring.web.plugins.DocumentationPluginsBootstrapper |Found 2 custom documentation plugin(s)
2022-06-02 11:47:33 |INFO  |main |ApiListingReferenceScanner.java:41 |springfox.documentation.spring.web.scanners.ApiListingReferenceScanner |Scanning for api listing references
2022-06-02 11:47:33 |INFO  |main |CachingOperationNameGenerator.java:40 |springfox.documentation.spring.web.readers.operation.CachingOperationNameGenerator |Generating unique operation named: getByIdUsingGET_1
2022-06-02 11:47:33 |INFO  |main |CachingOperationNameGenerator.java:40 |springfox.documentation.spring.web.readers.operation.CachingOperationNameGenerator |Generating unique operation named: removeByIdUsingDELETE_1
2022-06-02 11:47:33 |INFO  |main |CachingOperationNameGenerator.java:40 |springfox.documentation.spring.web.readers.operation.CachingOperationNameGenerator |Generating unique operation named: getByIdUsingGET_2
2022-06-02 11:47:33 |INFO  |main |CachingOperationNameGenerator.java:40 |springfox.documentation.spring.web.readers.operation.CachingOperationNameGenerator |Generating unique operation named: listPageUsingGET_1
2022-06-02 11:47:33 |INFO  |main |CachingOperationNameGenerator.java:40 |springfox.documentation.spring.web.readers.operation.CachingOperationNameGenerator |Generating unique operation named: removeByIdUsingDELETE_2
2022-06-02 11:47:33 |INFO  |main |CachingOperationNameGenerator.java:40 |springfox.documentation.spring.web.readers.operation.CachingOperationNameGenerator |Generating unique operation named: saveUsingPOST_1
2022-06-02 11:47:33 |INFO  |main |CachingOperationNameGenerator.java:40 |springfox.documentation.spring.web.readers.operation.CachingOperationNameGenerator |Generating unique operation named: updateByIdUsingPUT_1
2022-06-02 11:47:33 |INFO  |main |CachingOperationNameGenerator.java:40 |springfox.documentation.spring.web.readers.operation.CachingOperationNameGenerator |Generating unique operation named: getByIdUsingGET_3
2022-06-02 11:47:33 |INFO  |main |CachingOperationNameGenerator.java:40 |springfox.documentation.spring.web.readers.operation.CachingOperationNameGenerator |Generating unique operation named: removeByIdUsingDELETE_3
2022-06-02 11:47:33 |INFO  |main |CachingOperationNameGenerator.java:40 |springfox.documentation.spring.web.readers.operation.CachingOperationNameGenerator |Generating unique operation named: saveUsingPOST_2
2022-06-02 11:47:33 |INFO  |main |CachingOperationNameGenerator.java:40 |springfox.documentation.spring.web.readers.operation.CachingOperationNameGenerator |Generating unique operation named: updateByIdUsingPUT_2
2022-06-02 11:47:33 |INFO  |main |ApiListingReferenceScanner.java:41 |springfox.documentation.spring.web.scanners.ApiListingReferenceScanner |Scanning for api listing references
2022-06-02 11:47:33 |INFO  |main |CachingOperationNameGenerator.java:40 |springfox.documentation.spring.web.readers.operation.CachingOperationNameGenerator |Generating unique operation named: getByIdUsingGET_4
2022-06-02 11:47:33 |INFO  |main |CachingOperationNameGenerator.java:40 |springfox.documentation.spring.web.readers.operation.CachingOperationNameGenerator |Generating unique operation named: nestedListUsingGET_1
2022-06-02 11:47:33 |INFO  |main |CachingOperationNameGenerator.java:40 |springfox.documentation.spring.web.readers.operation.CachingOperationNameGenerator |Generating unique operation named: listAllUsingGET_1
2022-06-02 11:47:33 |INFO  |main |DirectJDKLog.java:173 |org.apache.coyote.http11.Http11NioProtocol |Starting ProtocolHandler ["http-nio-8110"]
2022-06-02 11:47:33 |INFO  |main |TomcatWebServer.java:204 |org.springframework.boot.web.embedded.tomcat.TomcatWebServer |Tomcat started on port(s): 8110 (http) with context path ''
2022-06-02 11:48:23 |INFO  |main |StartupInfoLogger.java:61 |com.atguigu.guli.service.edu.ServiceEduApplication |Started ServiceEduApplication in 56.737 seconds (JVM running for 57.517)
2022-06-02 11:48:25 |INFO  |http-nio-8110-exec-1 |DirectJDKLog.java:173 |org.apache.catalina.core.ContainerBase.[Tomcat].[localhost].[/] |Initializing Spring DispatcherServlet 'dispatcherServlet'
2022-06-02 11:48:25 |INFO  |http-nio-8110-exec-1 |FrameworkServlet.java:525 |org.springframework.web.servlet.DispatcherServlet |Initializing Servlet 'dispatcherServlet'
2022-06-02 11:48:25 |INFO  |http-nio-8110-exec-1 |FrameworkServlet.java:547 |org.springframework.web.servlet.DispatcherServlet |Completed initialization in 24 ms
2022-06-02 11:48:25 |INFO  |http-nio-8110-exec-1 |EpollProvider.java:68 |io.lettuce.core.EpollProvider |Starting without optional epoll library
2022-06-02 11:48:25 |INFO  |http-nio-8110-exec-1 |KqueueProvider.java:70 |io.lettuce.core.KqueueProvider |Starting without optional kqueue library
2022-06-02 11:48:25 |INFO  |http-nio-8110-exec-1 |HikariDataSource.java:110 |com.zaxxer.hikari.HikariDataSource |HikariPool-1 - Starting...
2022-06-02 11:48:26 |INFO  |http-nio-8110-exec-1 |HikariDataSource.java:123 |com.zaxxer.hikari.HikariDataSource |HikariPool-1 - Start completed.
2022-06-02 11:51:54 |INFO  |http-nio-8110-exec-8 |ApiSubjectController.java:37 |com.atguigu.guli.service.edu.controller.api.ApiSubjectController |执行开始
2022-06-02 11:51:54 |INFO  |http-nio-8110-exec-8 |ApiSubjectController.java:40 |com.atguigu.guli.service.edu.controller.api.ApiSubjectController |执行结束，执行时间：0s
2022-06-02 11:51:56 |INFO  |http-nio-8110-exec-1 |ApiSubjectController.java:37 |com.atguigu.guli.service.edu.controller.api.ApiSubjectController |执行开始
2022-06-02 11:51:56 |INFO  |http-nio-8110-exec-1 |ApiSubjectController.java:40 |com.atguigu.guli.service.edu.controller.api.ApiSubjectController |执行结束，执行时间：0s
2022-06-02 11:51:59 |INFO  |http-nio-8110-exec-3 |ApiSubjectController.java:37 |com.atguigu.guli.service.edu.controller.api.ApiSubjectController |执行开始
2022-06-02 11:51:59 |INFO  |http-nio-8110-exec-3 |ApiSubjectController.java:40 |com.atguigu.guli.service.edu.controller.api.ApiSubjectController |执行结束，执行时间：0s
2022-06-02 11:52:00 |INFO  |http-nio-8110-exec-5 |ApiSubjectController.java:37 |com.atguigu.guli.service.edu.controller.api.ApiSubjectController |执行开始
2022-06-02 11:52:00 |INFO  |http-nio-8110-exec-5 |ApiSubjectController.java:40 |com.atguigu.guli.service.edu.controller.api.ApiSubjectController |执行结束，执行时间：0s
2022-06-02 11:52:13 |INFO  |http-nio-8110-exec-8 |ApiSubjectController.java:37 |com.atguigu.guli.service.edu.controller.api.ApiSubjectController |执行开始
2022-06-02 11:52:13 |INFO  |http-nio-8110-exec-8 |ApiSubjectController.java:40 |com.atguigu.guli.service.edu.controller.api.ApiSubjectController |执行结束，执行时间：0s
2022-06-02 11:52:59 |INFO  |http-nio-8110-exec-3 |ApiSubjectController.java:37 |com.atguigu.guli.service.edu.controller.api.ApiSubjectController |执行开始
2022-06-02 11:52:59 |INFO  |http-nio-8110-exec-3 |ApiSubjectController.java:40 |com.atguigu.guli.service.edu.controller.api.ApiSubjectController |执行结束，执行时间：0s
2022-06-02 11:56:33 |INFO  |http-nio-8110-exec-7 |ApiSubjectController.java:37 |com.atguigu.guli.service.edu.controller.api.ApiSubjectController |执行开始
2022-06-02 11:56:33 |INFO  |http-nio-8110-exec-7 |ApiSubjectController.java:40 |com.atguigu.guli.service.edu.controller.api.ApiSubjectController |执行结束，执行时间：0s
2022-06-02 12:00:31 |INFO  |http-nio-8110-exec-1 |ApiSubjectController.java:37 |com.atguigu.guli.service.edu.controller.api.ApiSubjectController |执行开始
2022-06-02 12:00:31 |INFO  |http-nio-8110-exec-1 |ApiSubjectController.java:40 |com.atguigu.guli.service.edu.controller.api.ApiSubjectController |执行结束，执行时间：0s
2022-06-02 12:01:42 |INFO  |http-nio-8110-exec-5 |ApiSubjectController.java:37 |com.atguigu.guli.service.edu.controller.api.ApiSubjectController |执行开始
2022-06-02 12:01:42 |INFO  |http-nio-8110-exec-5 |ApiSubjectController.java:40 |com.atguigu.guli.service.edu.controller.api.ApiSubjectController |执行结束，执行时间：0s
2022-06-02 12:06:45 |INFO  |SpringContextShutdownHook |NacosServiceRegistry.java:74 |com.alibaba.cloud.nacos.registry.NacosServiceRegistry |De-registering from Nacos Server now...
2022-06-02 12:07:35 |INFO  |SpringContextShutdownHook |NacosServiceRegistry.java:93 |com.alibaba.cloud.nacos.registry.NacosServiceRegistry |De-registration finished.
2022-06-02 12:07:35 |INFO  |SpringContextShutdownHook |ExecutorConfigurationSupport.java:208 |org.springframework.scheduling.concurrent.ThreadPoolTaskExecutor |Shutting down ExecutorService 'applicationTaskExecutor'
2022-06-02 12:07:36 |INFO  |SpringContextShutdownHook |HikariDataSource.java:350 |com.zaxxer.hikari.HikariDataSource |HikariPool-1 - Shutdown initiated...
2022-06-02 12:07:36 |INFO  |SpringContextShutdownHook |HikariDataSource.java:352 |com.zaxxer.hikari.HikariDataSource |HikariPool-1 - Shutdown completed.
2022-06-02 12:07:43 |INFO  |main |SpringApplication.java:655 |com.atguigu.guli.service.edu.ServiceEduApplication |The following profiles are active: dev
2022-06-02 12:07:45 |INFO  |main |RepositoryConfigurationDelegate.java:246 |org.springframework.data.repository.config.RepositoryConfigurationDelegate |Multiple Spring Data modules found, entering strict repository configuration mode!
2022-06-02 12:07:45 |INFO  |main |RepositoryConfigurationDelegate.java:126 |org.springframework.data.repository.config.RepositoryConfigurationDelegate |Bootstrapping Spring Data repositories in DEFAULT mode.
2022-06-02 12:07:45 |INFO  |main |RepositoryConfigurationDelegate.java:184 |org.springframework.data.repository.config.RepositoryConfigurationDelegate |Finished Spring Data repository scanning in 56ms. Found 0 repository interfaces.
2022-06-02 12:07:45 |INFO  |main |GenericScope.java:295 |org.springframework.cloud.context.scope.GenericScope |BeanFactory id=5b92348f-53be-3114-93cf-e82ff2b03d16
2022-06-02 12:07:46 |INFO  |main |PostProcessorRegistrationDelegate.java:330 |org.springframework.context.support.PostProcessorRegistrationDelegate$BeanPostProcessorChecker |Bean 'org.springframework.transaction.annotation.ProxyTransactionManagementConfiguration' of type [org.springframework.transaction.annotation.ProxyTransactionManagementConfiguration] is not eligible for getting processed by all BeanPostProcessors (for example: not eligible for auto-proxying)
2022-06-02 12:07:46 |INFO  |main |PostProcessorRegistrationDelegate.java:330 |org.springframework.context.support.PostProcessorRegistrationDelegate$BeanPostProcessorChecker |Bean 'spring.cloud.sentinel-com.alibaba.cloud.sentinel.SentinelProperties' of type [com.alibaba.cloud.sentinel.SentinelProperties] is not eligible for getting processed by all BeanPostProcessors (for example: not eligible for auto-proxying)
2022-06-02 12:07:46 |INFO  |main |PostProcessorRegistrationDelegate.java:330 |org.springframework.context.support.PostProcessorRegistrationDelegate$BeanPostProcessorChecker |Bean 'com.alibaba.cloud.sentinel.custom.SentinelAutoConfiguration' of type [com.alibaba.cloud.sentinel.custom.SentinelAutoConfiguration$$EnhancerBySpringCGLIB$$5544e325] is not eligible for getting processed by all BeanPostProcessors (for example: not eligible for auto-proxying)
2022-06-02 12:07:47 |INFO  |main |TomcatWebServer.java:92 |org.springframework.boot.web.embedded.tomcat.TomcatWebServer |Tomcat initialized with port(s): 8110 (http)
2022-06-02 12:07:47 |INFO  |main |DirectJDKLog.java:173 |org.apache.coyote.http11.Http11NioProtocol |Initializing ProtocolHandler ["http-nio-8110"]
2022-06-02 12:07:47 |INFO  |main |DirectJDKLog.java:173 |org.apache.catalina.core.StandardService |Starting service [Tomcat]
2022-06-02 12:07:47 |INFO  |main |DirectJDKLog.java:173 |org.apache.catalina.core.StandardEngine |Starting Servlet engine: [Apache Tomcat/9.0.27]
2022-06-02 12:07:47 |INFO  |main |DirectJDKLog.java:173 |org.apache.catalina.core.ContainerBase.[Tomcat].[localhost].[/] |Initializing Spring embedded WebApplicationContext
2022-06-02 12:07:47 |INFO  |main |ServletWebServerApplicationContext.java:284 |org.springframework.web.context.ContextLoader |Root WebApplicationContext: initialization completed in 3831 ms
2022-06-02 12:07:47 |INFO  |main |SentinelWebAutoConfiguration.java:96 |com.alibaba.cloud.sentinel.SentinelWebAutoConfiguration |[Sentinel Starter] register Sentinel CommonFilter with urlPatterns: [/*].
2022-06-02 12:07:51 |INFO  |main |PropertySourcedRequestMappingHandlerMapping.java:69 |springfox.documentation.spring.web.PropertySourcedRequestMappingHandlerMapping |Mapped URL path [/v2/api-docs] onto method [springfox.documentation.swagger2.web.Swagger2Controller#getDocumentation(String, HttpServletRequest)]
2022-06-02 12:07:51 |INFO  |main |URLConfigurationSource.java:122 |com.netflix.config.sources.URLConfigurationSource |To enable URLs as dynamic configuration sources, define System property archaius.configurationSource.additionalUrls or make config.properties available on classpath.
2022-06-02 12:07:51 |INFO  |main |URLConfigurationSource.java:122 |com.netflix.config.sources.URLConfigurationSource |To enable URLs as dynamic configuration sources, define System property archaius.configurationSource.additionalUrls or make config.properties available on classpath.
2022-06-02 12:07:51 |INFO  |main |ExecutorConfigurationSupport.java:171 |org.springframework.scheduling.concurrent.ThreadPoolTaskExecutor |Initializing ExecutorService 'applicationTaskExecutor'
2022-06-02 12:07:51 |INFO  |main |ExecutorConfigurationSupport.java:171 |org.springframework.scheduling.concurrent.ThreadPoolTaskScheduler |Initializing ExecutorService
2022-06-02 12:07:52 |INFO  |main |DocumentationPluginsBootstrapper.java:147 |springfox.documentation.spring.web.plugins.DocumentationPluginsBootstrapper |Context refreshed
2022-06-02 12:07:52 |INFO  |main |DocumentationPluginsBootstrapper.java:150 |springfox.documentation.spring.web.plugins.DocumentationPluginsBootstrapper |Found 2 custom documentation plugin(s)
2022-06-02 12:07:52 |INFO  |main |ApiListingReferenceScanner.java:41 |springfox.documentation.spring.web.scanners.ApiListingReferenceScanner |Scanning for api listing references
2022-06-02 12:07:53 |INFO  |main |CachingOperationNameGenerator.java:40 |springfox.documentation.spring.web.readers.operation.CachingOperationNameGenerator |Generating unique operation named: getByIdUsingGET_1
2022-06-02 12:07:53 |INFO  |main |CachingOperationNameGenerator.java:40 |springfox.documentation.spring.web.readers.operation.CachingOperationNameGenerator |Generating unique operation named: removeByIdUsingDELETE_1
2022-06-02 12:07:53 |INFO  |main |CachingOperationNameGenerator.java:40 |springfox.documentation.spring.web.readers.operation.CachingOperationNameGenerator |Generating unique operation named: getByIdUsingGET_2
2022-06-02 12:07:53 |INFO  |main |CachingOperationNameGenerator.java:40 |springfox.documentation.spring.web.readers.operation.CachingOperationNameGenerator |Generating unique operation named: listPageUsingGET_1
2022-06-02 12:07:53 |INFO  |main |CachingOperationNameGenerator.java:40 |springfox.documentation.spring.web.readers.operation.CachingOperationNameGenerator |Generating unique operation named: removeByIdUsingDELETE_2
2022-06-02 12:07:53 |INFO  |main |CachingOperationNameGenerator.java:40 |springfox.documentation.spring.web.readers.operation.CachingOperationNameGenerator |Generating unique operation named: saveUsingPOST_1
2022-06-02 12:07:53 |INFO  |main |CachingOperationNameGenerator.java:40 |springfox.documentation.spring.web.readers.operation.CachingOperationNameGenerator |Generating unique operation named: updateByIdUsingPUT_1
2022-06-02 12:07:53 |INFO  |main |CachingOperationNameGenerator.java:40 |springfox.documentation.spring.web.readers.operation.CachingOperationNameGenerator |Generating unique operation named: getByIdUsingGET_3
2022-06-02 12:07:53 |INFO  |main |CachingOperationNameGenerator.java:40 |springfox.documentation.spring.web.readers.operation.CachingOperationNameGenerator |Generating unique operation named: removeByIdUsingDELETE_3
2022-06-02 12:07:53 |INFO  |main |CachingOperationNameGenerator.java:40 |springfox.documentation.spring.web.readers.operation.CachingOperationNameGenerator |Generating unique operation named: saveUsingPOST_2
2022-06-02 12:07:53 |INFO  |main |CachingOperationNameGenerator.java:40 |springfox.documentation.spring.web.readers.operation.CachingOperationNameGenerator |Generating unique operation named: updateByIdUsingPUT_2
2022-06-02 12:07:53 |INFO  |main |ApiListingReferenceScanner.java:41 |springfox.documentation.spring.web.scanners.ApiListingReferenceScanner |Scanning for api listing references
2022-06-02 12:07:53 |INFO  |main |CachingOperationNameGenerator.java:40 |springfox.documentation.spring.web.readers.operation.CachingOperationNameGenerator |Generating unique operation named: getByIdUsingGET_4
2022-06-02 12:07:53 |INFO  |main |CachingOperationNameGenerator.java:40 |springfox.documentation.spring.web.readers.operation.CachingOperationNameGenerator |Generating unique operation named: nestedListUsingGET_1
2022-06-02 12:07:53 |INFO  |main |CachingOperationNameGenerator.java:40 |springfox.documentation.spring.web.readers.operation.CachingOperationNameGenerator |Generating unique operation named: listAllUsingGET_1
2022-06-02 12:07:53 |INFO  |main |DirectJDKLog.java:173 |org.apache.coyote.http11.Http11NioProtocol |Starting ProtocolHandler ["http-nio-8110"]
2022-06-02 12:07:53 |INFO  |main |TomcatWebServer.java:204 |org.springframework.boot.web.embedded.tomcat.TomcatWebServer |Tomcat started on port(s): 8110 (http) with context path ''
2022-06-02 12:08:43 |INFO  |main |StartupInfoLogger.java:61 |com.atguigu.guli.service.edu.ServiceEduApplication |Started ServiceEduApplication in 62.053 seconds (JVM running for 62.967)
2022-06-02 12:08:53 |INFO  |SpringContextShutdownHook |NacosServiceRegistry.java:74 |com.alibaba.cloud.nacos.registry.NacosServiceRegistry |De-registering from Nacos Server now...
2022-06-02 12:09:43 |INFO  |SpringContextShutdownHook |NacosServiceRegistry.java:93 |com.alibaba.cloud.nacos.registry.NacosServiceRegistry |De-registration finished.
2022-06-02 12:09:43 |INFO  |SpringContextShutdownHook |ExecutorConfigurationSupport.java:208 |org.springframework.scheduling.concurrent.ThreadPoolTaskExecutor |Shutting down ExecutorService 'applicationTaskExecutor'
2022-06-02 12:09:49 |INFO  |main |SpringApplication.java:655 |com.atguigu.guli.service.edu.ServiceEduApplication |The following profiles are active: dev
2022-06-02 12:09:50 |INFO  |main |RepositoryConfigurationDelegate.java:246 |org.springframework.data.repository.config.RepositoryConfigurationDelegate |Multiple Spring Data modules found, entering strict repository configuration mode!
2022-06-02 12:09:50 |INFO  |main |RepositoryConfigurationDelegate.java:126 |org.springframework.data.repository.config.RepositoryConfigurationDelegate |Bootstrapping Spring Data repositories in DEFAULT mode.
2022-06-02 12:09:50 |INFO  |main |RepositoryConfigurationDelegate.java:184 |org.springframework.data.repository.config.RepositoryConfigurationDelegate |Finished Spring Data repository scanning in 26ms. Found 0 repository interfaces.
2022-06-02 12:09:51 |INFO  |main |GenericScope.java:295 |org.springframework.cloud.context.scope.GenericScope |BeanFactory id=5b92348f-53be-3114-93cf-e82ff2b03d16
2022-06-02 12:09:51 |INFO  |main |PostProcessorRegistrationDelegate.java:330 |org.springframework.context.support.PostProcessorRegistrationDelegate$BeanPostProcessorChecker |Bean 'org.springframework.transaction.annotation.ProxyTransactionManagementConfiguration' of type [org.springframework.transaction.annotation.ProxyTransactionManagementConfiguration] is not eligible for getting processed by all BeanPostProcessors (for example: not eligible for auto-proxying)
2022-06-02 12:09:51 |INFO  |main |PostProcessorRegistrationDelegate.java:330 |org.springframework.context.support.PostProcessorRegistrationDelegate$BeanPostProcessorChecker |Bean 'spring.cloud.sentinel-com.alibaba.cloud.sentinel.SentinelProperties' of type [com.alibaba.cloud.sentinel.SentinelProperties] is not eligible for getting processed by all BeanPostProcessors (for example: not eligible for auto-proxying)
2022-06-02 12:09:51 |INFO  |main |PostProcessorRegistrationDelegate.java:330 |org.springframework.context.support.PostProcessorRegistrationDelegate$BeanPostProcessorChecker |Bean 'com.alibaba.cloud.sentinel.custom.SentinelAutoConfiguration' of type [com.alibaba.cloud.sentinel.custom.SentinelAutoConfiguration$$EnhancerBySpringCGLIB$$443ab26] is not eligible for getting processed by all BeanPostProcessors (for example: not eligible for auto-proxying)
2022-06-02 12:09:52 |INFO  |main |TomcatWebServer.java:92 |org.springframework.boot.web.embedded.tomcat.TomcatWebServer |Tomcat initialized with port(s): 8110 (http)
2022-06-02 12:09:52 |INFO  |main |DirectJDKLog.java:173 |org.apache.coyote.http11.Http11NioProtocol |Initializing ProtocolHandler ["http-nio-8110"]
2022-06-02 12:09:52 |INFO  |main |DirectJDKLog.java:173 |org.apache.catalina.core.StandardService |Starting service [Tomcat]
2022-06-02 12:09:52 |INFO  |main |DirectJDKLog.java:173 |org.apache.catalina.core.StandardEngine |Starting Servlet engine: [Apache Tomcat/9.0.27]
2022-06-02 12:09:52 |INFO  |main |DirectJDKLog.java:173 |org.apache.catalina.core.ContainerBase.[Tomcat].[localhost].[/] |Initializing Spring embedded WebApplicationContext
2022-06-02 12:09:52 |INFO  |main |ServletWebServerApplicationContext.java:284 |org.springframework.web.context.ContextLoader |Root WebApplicationContext: initialization completed in 2968 ms
2022-06-02 12:09:52 |INFO  |main |SentinelWebAutoConfiguration.java:96 |com.alibaba.cloud.sentinel.SentinelWebAutoConfiguration |[Sentinel Starter] register Sentinel CommonFilter with urlPatterns: [/*].
2022-06-02 12:09:54 |INFO  |main |PropertySourcedRequestMappingHandlerMapping.java:69 |springfox.documentation.spring.web.PropertySourcedRequestMappingHandlerMapping |Mapped URL path [/v2/api-docs] onto method [springfox.documentation.swagger2.web.Swagger2Controller#getDocumentation(String, HttpServletRequest)]
2022-06-02 12:09:54 |INFO  |main |URLConfigurationSource.java:122 |com.netflix.config.sources.URLConfigurationSource |To enable URLs as dynamic configuration sources, define System property archaius.configurationSource.additionalUrls or make config.properties available on classpath.
2022-06-02 12:09:54 |INFO  |main |URLConfigurationSource.java:122 |com.netflix.config.sources.URLConfigurationSource |To enable URLs as dynamic configuration sources, define System property archaius.configurationSource.additionalUrls or make config.properties available on classpath.
2022-06-02 12:09:54 |INFO  |main |ExecutorConfigurationSupport.java:171 |org.springframework.scheduling.concurrent.ThreadPoolTaskExecutor |Initializing ExecutorService 'applicationTaskExecutor'
2022-06-02 12:09:55 |INFO  |main |ExecutorConfigurationSupport.java:171 |org.springframework.scheduling.concurrent.ThreadPoolTaskScheduler |Initializing ExecutorService
2022-06-02 12:09:55 |INFO  |main |DocumentationPluginsBootstrapper.java:147 |springfox.documentation.spring.web.plugins.DocumentationPluginsBootstrapper |Context refreshed
2022-06-02 12:09:55 |INFO  |main |DocumentationPluginsBootstrapper.java:150 |springfox.documentation.spring.web.plugins.DocumentationPluginsBootstrapper |Found 2 custom documentation plugin(s)
2022-06-02 12:09:55 |INFO  |main |ApiListingReferenceScanner.java:41 |springfox.documentation.spring.web.scanners.ApiListingReferenceScanner |Scanning for api listing references
2022-06-02 12:09:56 |INFO  |main |CachingOperationNameGenerator.java:40 |springfox.documentation.spring.web.readers.operation.CachingOperationNameGenerator |Generating unique operation named: getByIdUsingGET_1
2022-06-02 12:09:56 |INFO  |main |CachingOperationNameGenerator.java:40 |springfox.documentation.spring.web.readers.operation.CachingOperationNameGenerator |Generating unique operation named: removeByIdUsingDELETE_1
2022-06-02 12:09:56 |INFO  |main |CachingOperationNameGenerator.java:40 |springfox.documentation.spring.web.readers.operation.CachingOperationNameGenerator |Generating unique operation named: getByIdUsingGET_2
2022-06-02 12:09:56 |INFO  |main |CachingOperationNameGenerator.java:40 |springfox.documentation.spring.web.readers.operation.CachingOperationNameGenerator |Generating unique operation named: listPageUsingGET_1
2022-06-02 12:09:56 |INFO  |main |CachingOperationNameGenerator.java:40 |springfox.documentation.spring.web.readers.operation.CachingOperationNameGenerator |Generating unique operation named: removeByIdUsingDELETE_2
2022-06-02 12:09:56 |INFO  |main |CachingOperationNameGenerator.java:40 |springfox.documentation.spring.web.readers.operation.CachingOperationNameGenerator |Generating unique operation named: saveUsingPOST_1
2022-06-02 12:09:56 |INFO  |main |CachingOperationNameGenerator.java:40 |springfox.documentation.spring.web.readers.operation.CachingOperationNameGenerator |Generating unique operation named: updateByIdUsingPUT_1
2022-06-02 12:09:56 |INFO  |main |CachingOperationNameGenerator.java:40 |springfox.documentation.spring.web.readers.operation.CachingOperationNameGenerator |Generating unique operation named: getByIdUsingGET_3
2022-06-02 12:09:56 |INFO  |main |CachingOperationNameGenerator.java:40 |springfox.documentation.spring.web.readers.operation.CachingOperationNameGenerator |Generating unique operation named: removeByIdUsingDELETE_3
2022-06-02 12:09:56 |INFO  |main |CachingOperationNameGenerator.java:40 |springfox.documentation.spring.web.readers.operation.CachingOperationNameGenerator |Generating unique operation named: saveUsingPOST_2
2022-06-02 12:09:56 |INFO  |main |CachingOperationNameGenerator.java:40 |springfox.documentation.spring.web.readers.operation.CachingOperationNameGenerator |Generating unique operation named: updateByIdUsingPUT_2
2022-06-02 12:09:56 |INFO  |main |ApiListingReferenceScanner.java:41 |springfox.documentation.spring.web.scanners.ApiListingReferenceScanner |Scanning for api listing references
2022-06-02 12:09:56 |INFO  |main |CachingOperationNameGenerator.java:40 |springfox.documentation.spring.web.readers.operation.CachingOperationNameGenerator |Generating unique operation named: getByIdUsingGET_4
2022-06-02 12:09:56 |INFO  |main |CachingOperationNameGenerator.java:40 |springfox.documentation.spring.web.readers.operation.CachingOperationNameGenerator |Generating unique operation named: nestedListUsingGET_1
2022-06-02 12:09:56 |INFO  |main |CachingOperationNameGenerator.java:40 |springfox.documentation.spring.web.readers.operation.CachingOperationNameGenerator |Generating unique operation named: listAllUsingGET_1
2022-06-02 12:09:56 |INFO  |main |DirectJDKLog.java:173 |org.apache.coyote.http11.Http11NioProtocol |Starting ProtocolHandler ["http-nio-8110"]
2022-06-02 12:09:56 |INFO  |main |TomcatWebServer.java:204 |org.springframework.boot.web.embedded.tomcat.TomcatWebServer |Tomcat started on port(s): 8110 (http) with context path ''
2022-06-02 12:10:32 |INFO  |http-nio-8110-exec-1 |DirectJDKLog.java:173 |org.apache.catalina.core.ContainerBase.[Tomcat].[localhost].[/] |Initializing Spring DispatcherServlet 'dispatcherServlet'
2022-06-02 12:10:32 |INFO  |http-nio-8110-exec-1 |FrameworkServlet.java:525 |org.springframework.web.servlet.DispatcherServlet |Initializing Servlet 'dispatcherServlet'
2022-06-02 12:10:32 |INFO  |http-nio-8110-exec-1 |FrameworkServlet.java:547 |org.springframework.web.servlet.DispatcherServlet |Completed initialization in 39 ms
2022-06-02 12:10:32 |INFO  |http-nio-8110-exec-1 |EpollProvider.java:68 |io.lettuce.core.EpollProvider |Starting without optional epoll library
2022-06-02 12:10:32 |INFO  |http-nio-8110-exec-1 |KqueueProvider.java:70 |io.lettuce.core.KqueueProvider |Starting without optional kqueue library
2022-06-02 12:10:33 |INFO  |http-nio-8110-exec-1 |HikariDataSource.java:110 |com.zaxxer.hikari.HikariDataSource |HikariPool-1 - Starting...
2022-06-02 12:10:33 |INFO  |http-nio-8110-exec-1 |HikariDataSource.java:123 |com.zaxxer.hikari.HikariDataSource |HikariPool-1 - Start completed.
2022-06-02 12:10:46 |INFO  |main |StartupInfoLogger.java:61 |com.atguigu.guli.service.edu.ServiceEduApplication |Started ServiceEduApplication in 59.165 seconds (JVM running for 59.791)
2022-06-02 12:12:13 |INFO  |SpringContextShutdownHook |NacosServiceRegistry.java:74 |com.alibaba.cloud.nacos.registry.NacosServiceRegistry |De-registering from Nacos Server now...
2022-06-02 12:13:03 |INFO  |SpringContextShutdownHook |NacosServiceRegistry.java:93 |com.alibaba.cloud.nacos.registry.NacosServiceRegistry |De-registration finished.
2022-06-02 12:13:03 |INFO  |SpringContextShutdownHook |ExecutorConfigurationSupport.java:208 |org.springframework.scheduling.concurrent.ThreadPoolTaskExecutor |Shutting down ExecutorService 'applicationTaskExecutor'
2022-06-02 12:13:03 |INFO  |SpringContextShutdownHook |HikariDataSource.java:350 |com.zaxxer.hikari.HikariDataSource |HikariPool-1 - Shutdown initiated...
2022-06-02 12:13:03 |INFO  |SpringContextShutdownHook |HikariDataSource.java:352 |com.zaxxer.hikari.HikariDataSource |HikariPool-1 - Shutdown completed.
2022-06-02 12:13:09 |INFO  |main |SpringApplication.java:655 |com.atguigu.guli.service.edu.ServiceEduApplication |The following profiles are active: dev
2022-06-02 12:13:10 |INFO  |main |RepositoryConfigurationDelegate.java:246 |org.springframework.data.repository.config.RepositoryConfigurationDelegate |Multiple Spring Data modules found, entering strict repository configuration mode!
2022-06-02 12:13:10 |INFO  |main |RepositoryConfigurationDelegate.java:126 |org.springframework.data.repository.config.RepositoryConfigurationDelegate |Bootstrapping Spring Data repositories in DEFAULT mode.
2022-06-02 12:13:10 |INFO  |main |RepositoryConfigurationDelegate.java:184 |org.springframework.data.repository.config.RepositoryConfigurationDelegate |Finished Spring Data repository scanning in 20ms. Found 0 repository interfaces.
2022-06-02 12:13:10 |INFO  |main |GenericScope.java:295 |org.springframework.cloud.context.scope.GenericScope |BeanFactory id=5b92348f-53be-3114-93cf-e82ff2b03d16
2022-06-02 12:13:10 |INFO  |main |PostProcessorRegistrationDelegate.java:330 |org.springframework.context.support.PostProcessorRegistrationDelegate$BeanPostProcessorChecker |Bean 'org.springframework.transaction.annotation.ProxyTransactionManagementConfiguration' of type [org.springframework.transaction.annotation.ProxyTransactionManagementConfiguration] is not eligible for getting processed by all BeanPostProcessors (for example: not eligible for auto-proxying)
2022-06-02 12:13:10 |INFO  |main |PostProcessorRegistrationDelegate.java:330 |org.springframework.context.support.PostProcessorRegistrationDelegate$BeanPostProcessorChecker |Bean 'spring.cloud.sentinel-com.alibaba.cloud.sentinel.SentinelProperties' of type [com.alibaba.cloud.sentinel.SentinelProperties] is not eligible for getting processed by all BeanPostProcessors (for example: not eligible for auto-proxying)
2022-06-02 12:13:10 |INFO  |main |PostProcessorRegistrationDelegate.java:330 |org.springframework.context.support.PostProcessorRegistrationDelegate$BeanPostProcessorChecker |Bean 'com.alibaba.cloud.sentinel.custom.SentinelAutoConfiguration' of type [com.alibaba.cloud.sentinel.custom.SentinelAutoConfiguration$$EnhancerBySpringCGLIB$$9be6ea5c] is not eligible for getting processed by all BeanPostProcessors (for example: not eligible for auto-proxying)
2022-06-02 12:13:11 |INFO  |main |TomcatWebServer.java:92 |org.springframework.boot.web.embedded.tomcat.TomcatWebServer |Tomcat initialized with port(s): 8110 (http)
2022-06-02 12:13:11 |INFO  |main |DirectJDKLog.java:173 |org.apache.coyote.http11.Http11NioProtocol |Initializing ProtocolHandler ["http-nio-8110"]
2022-06-02 12:13:11 |INFO  |main |DirectJDKLog.java:173 |org.apache.catalina.core.StandardService |Starting service [Tomcat]
2022-06-02 12:13:11 |INFO  |main |DirectJDKLog.java:173 |org.apache.catalina.core.StandardEngine |Starting Servlet engine: [Apache Tomcat/9.0.27]
2022-06-02 12:13:11 |INFO  |main |DirectJDKLog.java:173 |org.apache.catalina.core.ContainerBase.[Tomcat].[localhost].[/] |Initializing Spring embedded WebApplicationContext
2022-06-02 12:13:11 |INFO  |main |ServletWebServerApplicationContext.java:284 |org.springframework.web.context.ContextLoader |Root WebApplicationContext: initialization completed in 2242 ms
2022-06-02 12:13:11 |INFO  |main |SentinelWebAutoConfiguration.java:96 |com.alibaba.cloud.sentinel.SentinelWebAutoConfiguration |[Sentinel Starter] register Sentinel CommonFilter with urlPatterns: [/*].
2022-06-02 12:13:12 |INFO  |main |PropertySourcedRequestMappingHandlerMapping.java:69 |springfox.documentation.spring.web.PropertySourcedRequestMappingHandlerMapping |Mapped URL path [/v2/api-docs] onto method [springfox.documentation.swagger2.web.Swagger2Controller#getDocumentation(String, HttpServletRequest)]
2022-06-02 12:13:13 |INFO  |main |URLConfigurationSource.java:122 |com.netflix.config.sources.URLConfigurationSource |To enable URLs as dynamic configuration sources, define System property archaius.configurationSource.additionalUrls or make config.properties available on classpath.
2022-06-02 12:13:13 |INFO  |main |URLConfigurationSource.java:122 |com.netflix.config.sources.URLConfigurationSource |To enable URLs as dynamic configuration sources, define System property archaius.configurationSource.additionalUrls or make config.properties available on classpath.
2022-06-02 12:13:13 |INFO  |main |ExecutorConfigurationSupport.java:171 |org.springframework.scheduling.concurrent.ThreadPoolTaskExecutor |Initializing ExecutorService 'applicationTaskExecutor'
2022-06-02 12:13:13 |INFO  |main |ExecutorConfigurationSupport.java:171 |org.springframework.scheduling.concurrent.ThreadPoolTaskScheduler |Initializing ExecutorService
2022-06-02 12:13:13 |INFO  |main |DocumentationPluginsBootstrapper.java:147 |springfox.documentation.spring.web.plugins.DocumentationPluginsBootstrapper |Context refreshed
2022-06-02 12:13:13 |INFO  |main |DocumentationPluginsBootstrapper.java:150 |springfox.documentation.spring.web.plugins.DocumentationPluginsBootstrapper |Found 2 custom documentation plugin(s)
2022-06-02 12:13:13 |INFO  |main |ApiListingReferenceScanner.java:41 |springfox.documentation.spring.web.scanners.ApiListingReferenceScanner |Scanning for api listing references
2022-06-02 12:13:14 |INFO  |main |CachingOperationNameGenerator.java:40 |springfox.documentation.spring.web.readers.operation.CachingOperationNameGenerator |Generating unique operation named: getByIdUsingGET_1
2022-06-02 12:13:14 |INFO  |main |CachingOperationNameGenerator.java:40 |springfox.documentation.spring.web.readers.operation.CachingOperationNameGenerator |Generating unique operation named: removeByIdUsingDELETE_1
2022-06-02 12:13:14 |INFO  |main |CachingOperationNameGenerator.java:40 |springfox.documentation.spring.web.readers.operation.CachingOperationNameGenerator |Generating unique operation named: getByIdUsingGET_2
2022-06-02 12:13:14 |INFO  |main |CachingOperationNameGenerator.java:40 |springfox.documentation.spring.web.readers.operation.CachingOperationNameGenerator |Generating unique operation named: listPageUsingGET_1
2022-06-02 12:13:14 |INFO  |main |CachingOperationNameGenerator.java:40 |springfox.documentation.spring.web.readers.operation.CachingOperationNameGenerator |Generating unique operation named: removeByIdUsingDELETE_2
2022-06-02 12:13:14 |INFO  |main |CachingOperationNameGenerator.java:40 |springfox.documentation.spring.web.readers.operation.CachingOperationNameGenerator |Generating unique operation named: saveUsingPOST_1
2022-06-02 12:13:14 |INFO  |main |CachingOperationNameGenerator.java:40 |springfox.documentation.spring.web.readers.operation.CachingOperationNameGenerator |Generating unique operation named: updateByIdUsingPUT_1
2022-06-02 12:13:14 |INFO  |main |CachingOperationNameGenerator.java:40 |springfox.documentation.spring.web.readers.operation.CachingOperationNameGenerator |Generating unique operation named: getByIdUsingGET_3
2022-06-02 12:13:14 |INFO  |main |CachingOperationNameGenerator.java:40 |springfox.documentation.spring.web.readers.operation.CachingOperationNameGenerator |Generating unique operation named: removeByIdUsingDELETE_3
2022-06-02 12:13:14 |INFO  |main |CachingOperationNameGenerator.java:40 |springfox.documentation.spring.web.readers.operation.CachingOperationNameGenerator |Generating unique operation named: saveUsingPOST_2
2022-06-02 12:13:14 |INFO  |main |CachingOperationNameGenerator.java:40 |springfox.documentation.spring.web.readers.operation.CachingOperationNameGenerator |Generating unique operation named: updateByIdUsingPUT_2
2022-06-02 12:13:14 |INFO  |main |ApiListingReferenceScanner.java:41 |springfox.documentation.spring.web.scanners.ApiListingReferenceScanner |Scanning for api listing references
2022-06-02 12:13:14 |INFO  |main |CachingOperationNameGenerator.java:40 |springfox.documentation.spring.web.readers.operation.CachingOperationNameGenerator |Generating unique operation named: getByIdUsingGET_4
2022-06-02 12:13:14 |INFO  |main |CachingOperationNameGenerator.java:40 |springfox.documentation.spring.web.readers.operation.CachingOperationNameGenerator |Generating unique operation named: nestedListUsingGET_1
2022-06-02 12:13:14 |INFO  |main |CachingOperationNameGenerator.java:40 |springfox.documentation.spring.web.readers.operation.CachingOperationNameGenerator |Generating unique operation named: listAllUsingGET_1
2022-06-02 12:13:14 |INFO  |main |DirectJDKLog.java:173 |org.apache.coyote.http11.Http11NioProtocol |Starting ProtocolHandler ["http-nio-8110"]
2022-06-02 12:13:14 |INFO  |main |TomcatWebServer.java:204 |org.springframework.boot.web.embedded.tomcat.TomcatWebServer |Tomcat started on port(s): 8110 (http) with context path ''
2022-06-02 12:14:04 |INFO  |main |StartupInfoLogger.java:61 |com.atguigu.guli.service.edu.ServiceEduApplication |Started ServiceEduApplication in 56.432 seconds (JVM running for 57.147)
2022-06-02 12:29:36 |INFO  |SpringContextShutdownHook |NacosServiceRegistry.java:74 |com.alibaba.cloud.nacos.registry.NacosServiceRegistry |De-registering from Nacos Server now...
2022-06-02 12:30:26 |INFO  |SpringContextShutdownHook |NacosServiceRegistry.java:93 |com.alibaba.cloud.nacos.registry.NacosServiceRegistry |De-registration finished.
2022-06-02 12:30:26 |INFO  |SpringContextShutdownHook |ExecutorConfigurationSupport.java:208 |org.springframework.scheduling.concurrent.ThreadPoolTaskExecutor |Shutting down ExecutorService 'applicationTaskExecutor'
2022-06-02 12:33:18 |INFO  |main |SpringApplication.java:655 |com.atguigu.guli.service.edu.ServiceEduApplication |The following profiles are active: dev
2022-06-02 12:33:19 |INFO  |main |RepositoryConfigurationDelegate.java:246 |org.springframework.data.repository.config.RepositoryConfigurationDelegate |Multiple Spring Data modules found, entering strict repository configuration mode!
2022-06-02 12:33:19 |INFO  |main |RepositoryConfigurationDelegate.java:126 |org.springframework.data.repository.config.RepositoryConfigurationDelegate |Bootstrapping Spring Data repositories in DEFAULT mode.
2022-06-02 12:33:19 |INFO  |main |RepositoryConfigurationDelegate.java:184 |org.springframework.data.repository.config.RepositoryConfigurationDelegate |Finished Spring Data repository scanning in 21ms. Found 0 repository interfaces.
2022-06-02 12:33:19 |INFO  |main |GenericScope.java:295 |org.springframework.cloud.context.scope.GenericScope |BeanFactory id=5b92348f-53be-3114-93cf-e82ff2b03d16
2022-06-02 12:33:20 |INFO  |main |PostProcessorRegistrationDelegate.java:330 |org.springframework.context.support.PostProcessorRegistrationDelegate$BeanPostProcessorChecker |Bean 'org.springframework.transaction.annotation.ProxyTransactionManagementConfiguration' of type [org.springframework.transaction.annotation.ProxyTransactionManagementConfiguration] is not eligible for getting processed by all BeanPostProcessors (for example: not eligible for auto-proxying)
2022-06-02 12:33:20 |INFO  |main |PostProcessorRegistrationDelegate.java:330 |org.springframework.context.support.PostProcessorRegistrationDelegate$BeanPostProcessorChecker |Bean 'spring.cloud.sentinel-com.alibaba.cloud.sentinel.SentinelProperties' of type [com.alibaba.cloud.sentinel.SentinelProperties] is not eligible for getting processed by all BeanPostProcessors (for example: not eligible for auto-proxying)
2022-06-02 12:33:20 |INFO  |main |PostProcessorRegistrationDelegate.java:330 |org.springframework.context.support.PostProcessorRegistrationDelegate$BeanPostProcessorChecker |Bean 'com.alibaba.cloud.sentinel.custom.SentinelAutoConfiguration' of type [com.alibaba.cloud.sentinel.custom.SentinelAutoConfiguration$$EnhancerBySpringCGLIB$$4b432b3f] is not eligible for getting processed by all BeanPostProcessors (for example: not eligible for auto-proxying)
2022-06-02 12:33:20 |INFO  |main |TomcatWebServer.java:92 |org.springframework.boot.web.embedded.tomcat.TomcatWebServer |Tomcat initialized with port(s): 8110 (http)
2022-06-02 12:33:20 |INFO  |main |DirectJDKLog.java:173 |org.apache.coyote.http11.Http11NioProtocol |Initializing ProtocolHandler ["http-nio-8110"]
2022-06-02 12:33:20 |INFO  |main |DirectJDKLog.java:173 |org.apache.catalina.core.StandardService |Starting service [Tomcat]
2022-06-02 12:33:20 |INFO  |main |DirectJDKLog.java:173 |org.apache.catalina.core.StandardEngine |Starting Servlet engine: [Apache Tomcat/9.0.27]
2022-06-02 12:33:20 |INFO  |main |DirectJDKLog.java:173 |org.apache.catalina.core.ContainerBase.[Tomcat].[localhost].[/] |Initializing Spring embedded WebApplicationContext
2022-06-02 12:33:20 |INFO  |main |ServletWebServerApplicationContext.java:284 |org.springframework.web.context.ContextLoader |Root WebApplicationContext: initialization completed in 2147 ms
2022-06-02 12:33:20 |INFO  |main |SentinelWebAutoConfiguration.java:96 |com.alibaba.cloud.sentinel.SentinelWebAutoConfiguration |[Sentinel Starter] register Sentinel CommonFilter with urlPatterns: [/*].
2022-06-02 12:33:22 |INFO  |main |PropertySourcedRequestMappingHandlerMapping.java:69 |springfox.documentation.spring.web.PropertySourcedRequestMappingHandlerMapping |Mapped URL path [/v2/api-docs] onto method [springfox.documentation.swagger2.web.Swagger2Controller#getDocumentation(String, HttpServletRequest)]
2022-06-02 12:33:22 |INFO  |main |URLConfigurationSource.java:122 |com.netflix.config.sources.URLConfigurationSource |To enable URLs as dynamic configuration sources, define System property archaius.configurationSource.additionalUrls or make config.properties available on classpath.
2022-06-02 12:33:22 |INFO  |main |URLConfigurationSource.java:122 |com.netflix.config.sources.URLConfigurationSource |To enable URLs as dynamic configuration sources, define System property archaius.configurationSource.additionalUrls or make config.properties available on classpath.
2022-06-02 12:33:22 |INFO  |main |ExecutorConfigurationSupport.java:171 |org.springframework.scheduling.concurrent.ThreadPoolTaskExecutor |Initializing ExecutorService 'applicationTaskExecutor'
2022-06-02 12:33:22 |INFO  |main |ExecutorConfigurationSupport.java:171 |org.springframework.scheduling.concurrent.ThreadPoolTaskScheduler |Initializing ExecutorService
2022-06-02 12:33:23 |INFO  |main |DocumentationPluginsBootstrapper.java:147 |springfox.documentation.spring.web.plugins.DocumentationPluginsBootstrapper |Context refreshed
2022-06-02 12:33:23 |INFO  |main |DocumentationPluginsBootstrapper.java:150 |springfox.documentation.spring.web.plugins.DocumentationPluginsBootstrapper |Found 2 custom documentation plugin(s)
2022-06-02 12:33:23 |INFO  |main |ApiListingReferenceScanner.java:41 |springfox.documentation.spring.web.scanners.ApiListingReferenceScanner |Scanning for api listing references
2022-06-02 12:33:23 |INFO  |main |CachingOperationNameGenerator.java:40 |springfox.documentation.spring.web.readers.operation.CachingOperationNameGenerator |Generating unique operation named: getByIdUsingGET_1
2022-06-02 12:33:23 |INFO  |main |CachingOperationNameGenerator.java:40 |springfox.documentation.spring.web.readers.operation.CachingOperationNameGenerator |Generating unique operation named: removeByIdUsingDELETE_1
2022-06-02 12:33:23 |INFO  |main |CachingOperationNameGenerator.java:40 |springfox.documentation.spring.web.readers.operation.CachingOperationNameGenerator |Generating unique operation named: getByIdUsingGET_2
2022-06-02 12:33:23 |INFO  |main |CachingOperationNameGenerator.java:40 |springfox.documentation.spring.web.readers.operation.CachingOperationNameGenerator |Generating unique operation named: listPageUsingGET_1
2022-06-02 12:33:23 |INFO  |main |CachingOperationNameGenerator.java:40 |springfox.documentation.spring.web.readers.operation.CachingOperationNameGenerator |Generating unique operation named: removeByIdUsingDELETE_2
2022-06-02 12:33:23 |INFO  |main |CachingOperationNameGenerator.java:40 |springfox.documentation.spring.web.readers.operation.CachingOperationNameGenerator |Generating unique operation named: saveUsingPOST_1
2022-06-02 12:33:23 |INFO  |main |CachingOperationNameGenerator.java:40 |springfox.documentation.spring.web.readers.operation.CachingOperationNameGenerator |Generating unique operation named: updateByIdUsingPUT_1
2022-06-02 12:33:23 |INFO  |main |CachingOperationNameGenerator.java:40 |springfox.documentation.spring.web.readers.operation.CachingOperationNameGenerator |Generating unique operation named: getByIdUsingGET_3
2022-06-02 12:33:23 |INFO  |main |CachingOperationNameGenerator.java:40 |springfox.documentation.spring.web.readers.operation.CachingOperationNameGenerator |Generating unique operation named: removeByIdUsingDELETE_3
2022-06-02 12:33:23 |INFO  |main |CachingOperationNameGenerator.java:40 |springfox.documentation.spring.web.readers.operation.CachingOperationNameGenerator |Generating unique operation named: saveUsingPOST_2
2022-06-02 12:33:23 |INFO  |main |CachingOperationNameGenerator.java:40 |springfox.documentation.spring.web.readers.operation.CachingOperationNameGenerator |Generating unique operation named: updateByIdUsingPUT_2
2022-06-02 12:33:23 |INFO  |main |ApiListingReferenceScanner.java:41 |springfox.documentation.spring.web.scanners.ApiListingReferenceScanner |Scanning for api listing references
2022-06-02 12:33:23 |INFO  |main |CachingOperationNameGenerator.java:40 |springfox.documentation.spring.web.readers.operation.CachingOperationNameGenerator |Generating unique operation named: getByIdUsingGET_4
2022-06-02 12:33:23 |INFO  |main |CachingOperationNameGenerator.java:40 |springfox.documentation.spring.web.readers.operation.CachingOperationNameGenerator |Generating unique operation named: nestedListUsingGET_1
2022-06-02 12:33:23 |INFO  |main |CachingOperationNameGenerator.java:40 |springfox.documentation.spring.web.readers.operation.CachingOperationNameGenerator |Generating unique operation named: listAllUsingGET_1
2022-06-02 12:33:23 |INFO  |main |DirectJDKLog.java:173 |org.apache.coyote.http11.Http11NioProtocol |Starting ProtocolHandler ["http-nio-8110"]
2022-06-02 12:33:23 |INFO  |main |TomcatWebServer.java:204 |org.springframework.boot.web.embedded.tomcat.TomcatWebServer |Tomcat started on port(s): 8110 (http) with context path ''
2022-06-02 12:34:13 |INFO  |main |StartupInfoLogger.java:61 |com.atguigu.guli.service.edu.ServiceEduApplication |Started ServiceEduApplication in 56.641 seconds (JVM running for 57.429)
2022-06-02 12:34:22 |INFO  |http-nio-8110-exec-1 |DirectJDKLog.java:173 |org.apache.catalina.core.ContainerBase.[Tomcat].[localhost].[/] |Initializing Spring DispatcherServlet 'dispatcherServlet'
2022-06-02 12:34:22 |INFO  |http-nio-8110-exec-1 |FrameworkServlet.java:525 |org.springframework.web.servlet.DispatcherServlet |Initializing Servlet 'dispatcherServlet'
2022-06-02 12:34:22 |INFO  |http-nio-8110-exec-1 |FrameworkServlet.java:547 |org.springframework.web.servlet.DispatcherServlet |Completed initialization in 26 ms
2022-06-02 12:34:25 |INFO  |http-nio-8110-exec-5 |HikariDataSource.java:110 |com.zaxxer.hikari.HikariDataSource |HikariPool-1 - Starting...
2022-06-02 12:34:26 |INFO  |http-nio-8110-exec-5 |HikariDataSource.java:123 |com.zaxxer.hikari.HikariDataSource |HikariPool-1 - Start completed.
2022-06-02 12:34:52 |INFO  |SpringContextShutdownHook |NacosServiceRegistry.java:74 |com.alibaba.cloud.nacos.registry.NacosServiceRegistry |De-registering from Nacos Server now...
2022-06-02 12:35:36 |INFO  |main |SpringApplication.java:655 |com.atguigu.guli.service.edu.ServiceEduApplication |The following profiles are active: dev
2022-06-02 12:35:38 |INFO  |main |RepositoryConfigurationDelegate.java:246 |org.springframework.data.repository.config.RepositoryConfigurationDelegate |Multiple Spring Data modules found, entering strict repository configuration mode!
2022-06-02 12:35:38 |INFO  |main |RepositoryConfigurationDelegate.java:126 |org.springframework.data.repository.config.RepositoryConfigurationDelegate |Bootstrapping Spring Data repositories in DEFAULT mode.
2022-06-02 12:35:38 |INFO  |main |RepositoryConfigurationDelegate.java:184 |org.springframework.data.repository.config.RepositoryConfigurationDelegate |Finished Spring Data repository scanning in 24ms. Found 0 repository interfaces.
2022-06-02 12:35:38 |INFO  |main |GenericScope.java:295 |org.springframework.cloud.context.scope.GenericScope |BeanFactory id=5b92348f-53be-3114-93cf-e82ff2b03d16
2022-06-02 12:35:38 |INFO  |main |PostProcessorRegistrationDelegate.java:330 |org.springframework.context.support.PostProcessorRegistrationDelegate$BeanPostProcessorChecker |Bean 'org.springframework.transaction.annotation.ProxyTransactionManagementConfiguration' of type [org.springframework.transaction.annotation.ProxyTransactionManagementConfiguration] is not eligible for getting processed by all BeanPostProcessors (for example: not eligible for auto-proxying)
2022-06-02 12:35:38 |INFO  |main |PostProcessorRegistrationDelegate.java:330 |org.springframework.context.support.PostProcessorRegistrationDelegate$BeanPostProcessorChecker |Bean 'spring.cloud.sentinel-com.alibaba.cloud.sentinel.SentinelProperties' of type [com.alibaba.cloud.sentinel.SentinelProperties] is not eligible for getting processed by all BeanPostProcessors (for example: not eligible for auto-proxying)
2022-06-02 12:35:38 |INFO  |main |PostProcessorRegistrationDelegate.java:330 |org.springframework.context.support.PostProcessorRegistrationDelegate$BeanPostProcessorChecker |Bean 'com.alibaba.cloud.sentinel.custom.SentinelAutoConfiguration' of type [com.alibaba.cloud.sentinel.custom.SentinelAutoConfiguration$$EnhancerBySpringCGLIB$$94e54173] is not eligible for getting processed by all BeanPostProcessors (for example: not eligible for auto-proxying)
2022-06-02 12:35:39 |INFO  |main |TomcatWebServer.java:92 |org.springframework.boot.web.embedded.tomcat.TomcatWebServer |Tomcat initialized with port(s): 8110 (http)
2022-06-02 12:35:39 |INFO  |main |DirectJDKLog.java:173 |org.apache.coyote.http11.Http11NioProtocol |Initializing ProtocolHandler ["http-nio-8110"]
2022-06-02 12:35:39 |INFO  |main |DirectJDKLog.java:173 |org.apache.catalina.core.StandardService |Starting service [Tomcat]
2022-06-02 12:35:39 |INFO  |main |DirectJDKLog.java:173 |org.apache.catalina.core.StandardEngine |Starting Servlet engine: [Apache Tomcat/9.0.27]
2022-06-02 12:35:39 |INFO  |main |DirectJDKLog.java:173 |org.apache.catalina.core.ContainerBase.[Tomcat].[localhost].[/] |Initializing Spring embedded WebApplicationContext
2022-06-02 12:35:39 |INFO  |main |ServletWebServerApplicationContext.java:284 |org.springframework.web.context.ContextLoader |Root WebApplicationContext: initialization completed in 2411 ms
2022-06-02 12:35:39 |INFO  |main |SentinelWebAutoConfiguration.java:96 |com.alibaba.cloud.sentinel.SentinelWebAutoConfiguration |[Sentinel Starter] register Sentinel CommonFilter with urlPatterns: [/*].
2022-06-02 12:35:41 |INFO  |main |PropertySourcedRequestMappingHandlerMapping.java:69 |springfox.documentation.spring.web.PropertySourcedRequestMappingHandlerMapping |Mapped URL path [/v2/api-docs] onto method [springfox.documentation.swagger2.web.Swagger2Controller#getDocumentation(String, HttpServletRequest)]
2022-06-02 12:35:41 |INFO  |main |URLConfigurationSource.java:122 |com.netflix.config.sources.URLConfigurationSource |To enable URLs as dynamic configuration sources, define System property archaius.configurationSource.additionalUrls or make config.properties available on classpath.
2022-06-02 12:35:41 |INFO  |main |URLConfigurationSource.java:122 |com.netflix.config.sources.URLConfigurationSource |To enable URLs as dynamic configuration sources, define System property archaius.configurationSource.additionalUrls or make config.properties available on classpath.
2022-06-02 12:35:41 |INFO  |main |ExecutorConfigurationSupport.java:171 |org.springframework.scheduling.concurrent.ThreadPoolTaskExecutor |Initializing ExecutorService 'applicationTaskExecutor'
2022-06-02 12:35:41 |INFO  |main |ExecutorConfigurationSupport.java:171 |org.springframework.scheduling.concurrent.ThreadPoolTaskScheduler |Initializing ExecutorService
2022-06-02 12:35:41 |INFO  |main |DocumentationPluginsBootstrapper.java:147 |springfox.documentation.spring.web.plugins.DocumentationPluginsBootstrapper |Context refreshed
2022-06-02 12:35:41 |INFO  |main |DocumentationPluginsBootstrapper.java:150 |springfox.documentation.spring.web.plugins.DocumentationPluginsBootstrapper |Found 2 custom documentation plugin(s)
2022-06-02 12:35:41 |INFO  |main |ApiListingReferenceScanner.java:41 |springfox.documentation.spring.web.scanners.ApiListingReferenceScanner |Scanning for api listing references
2022-06-02 12:35:41 |INFO  |main |CachingOperationNameGenerator.java:40 |springfox.documentation.spring.web.readers.operation.CachingOperationNameGenerator |Generating unique operation named: getByIdUsingGET_1
2022-06-02 12:35:42 |INFO  |main |CachingOperationNameGenerator.java:40 |springfox.documentation.spring.web.readers.operation.CachingOperationNameGenerator |Generating unique operation named: removeByIdUsingDELETE_1
2022-06-02 12:35:42 |INFO  |main |CachingOperationNameGenerator.java:40 |springfox.documentation.spring.web.readers.operation.CachingOperationNameGenerator |Generating unique operation named: getByIdUsingGET_2
2022-06-02 12:35:42 |INFO  |main |CachingOperationNameGenerator.java:40 |springfox.documentation.spring.web.readers.operation.CachingOperationNameGenerator |Generating unique operation named: listPageUsingGET_1
2022-06-02 12:35:42 |INFO  |main |CachingOperationNameGenerator.java:40 |springfox.documentation.spring.web.readers.operation.CachingOperationNameGenerator |Generating unique operation named: removeByIdUsingDELETE_2
2022-06-02 12:35:42 |INFO  |main |CachingOperationNameGenerator.java:40 |springfox.documentation.spring.web.readers.operation.CachingOperationNameGenerator |Generating unique operation named: saveUsingPOST_1
2022-06-02 12:35:42 |INFO  |main |CachingOperationNameGenerator.java:40 |springfox.documentation.spring.web.readers.operation.CachingOperationNameGenerator |Generating unique operation named: updateByIdUsingPUT_1
2022-06-02 12:35:42 |INFO  |main |CachingOperationNameGenerator.java:40 |springfox.documentation.spring.web.readers.operation.CachingOperationNameGenerator |Generating unique operation named: getByIdUsingGET_3
2022-06-02 12:35:42 |INFO  |main |CachingOperationNameGenerator.java:40 |springfox.documentation.spring.web.readers.operation.CachingOperationNameGenerator |Generating unique operation named: removeByIdUsingDELETE_3
2022-06-02 12:35:42 |INFO  |main |CachingOperationNameGenerator.java:40 |springfox.documentation.spring.web.readers.operation.CachingOperationNameGenerator |Generating unique operation named: saveUsingPOST_2
2022-06-02 12:35:42 |INFO  |main |CachingOperationNameGenerator.java:40 |springfox.documentation.spring.web.readers.operation.CachingOperationNameGenerator |Generating unique operation named: updateByIdUsingPUT_2
2022-06-02 12:35:42 |INFO  |main |ApiListingReferenceScanner.java:41 |springfox.documentation.spring.web.scanners.ApiListingReferenceScanner |Scanning for api listing references
2022-06-02 12:35:42 |INFO  |main |CachingOperationNameGenerator.java:40 |springfox.documentation.spring.web.readers.operation.CachingOperationNameGenerator |Generating unique operation named: getByIdUsingGET_4
2022-06-02 12:35:42 |INFO  |main |CachingOperationNameGenerator.java:40 |springfox.documentation.spring.web.readers.operation.CachingOperationNameGenerator |Generating unique operation named: nestedListUsingGET_1
2022-06-02 12:35:42 |INFO  |main |CachingOperationNameGenerator.java:40 |springfox.documentation.spring.web.readers.operation.CachingOperationNameGenerator |Generating unique operation named: listAllUsingGET_1
2022-06-02 12:35:42 |INFO  |main |DirectJDKLog.java:173 |org.apache.coyote.http11.Http11NioProtocol |Starting ProtocolHandler ["http-nio-8110"]
2022-06-02 12:35:42 |INFO  |main |TomcatWebServer.java:204 |org.springframework.boot.web.embedded.tomcat.TomcatWebServer |Tomcat started on port(s): 8110 (http) with context path ''
2022-06-02 12:35:42 |INFO  |main |NacosServiceRegistry.java:62 |com.alibaba.cloud.nacos.registry.NacosServiceRegistry |nacos registry, service-edu 192.168.1.237:8110 register finished
2022-06-02 12:35:42 |INFO  |main |StartupInfoLogger.java:61 |com.atguigu.guli.service.edu.ServiceEduApplication |Started ServiceEduApplication in 6.996 seconds (JVM running for 7.787)
2022-06-02 12:38:00 |INFO  |http-nio-8110-exec-1 |DirectJDKLog.java:173 |org.apache.catalina.core.ContainerBase.[Tomcat].[localhost].[/] |Initializing Spring DispatcherServlet 'dispatcherServlet'
2022-06-02 12:38:00 |INFO  |http-nio-8110-exec-1 |FrameworkServlet.java:525 |org.springframework.web.servlet.DispatcherServlet |Initializing Servlet 'dispatcherServlet'
2022-06-02 12:38:00 |INFO  |http-nio-8110-exec-1 |FrameworkServlet.java:547 |org.springframework.web.servlet.DispatcherServlet |Completed initialization in 40 ms
2022-06-02 12:38:01 |INFO  |http-nio-8110-exec-1 |EpollProvider.java:68 |io.lettuce.core.EpollProvider |Starting without optional epoll library
2022-06-02 12:38:01 |INFO  |http-nio-8110-exec-1 |KqueueProvider.java:70 |io.lettuce.core.KqueueProvider |Starting without optional kqueue library
2022-06-02 12:38:01 |INFO  |http-nio-8110-exec-1 |HikariDataSource.java:110 |com.zaxxer.hikari.HikariDataSource |HikariPool-1 - Starting...
2022-06-02 12:38:02 |INFO  |http-nio-8110-exec-1 |HikariDataSource.java:123 |com.zaxxer.hikari.HikariDataSource |HikariPool-1 - Start completed.
2022-06-02 12:39:12 |INFO  |http-nio-8110-exec-5 |ApiSubjectController.java:37 |com.atguigu.guli.service.edu.controller.api.ApiSubjectController |执行开始
2022-06-02 12:39:12 |INFO  |http-nio-8110-exec-5 |ApiSubjectController.java:40 |com.atguigu.guli.service.edu.controller.api.ApiSubjectController |执行结束，执行时间：0s
2022-06-02 12:39:46 |INFO  |http-nio-8110-exec-7 |ApiSubjectController.java:37 |com.atguigu.guli.service.edu.controller.api.ApiSubjectController |执行开始
2022-06-02 12:39:46 |INFO  |http-nio-8110-exec-7 |ApiSubjectController.java:40 |com.atguigu.guli.service.edu.controller.api.ApiSubjectController |执行结束，执行时间：0s
2022-06-02 12:41:31 |INFO  |http-nio-8110-exec-10 |ApiSubjectController.java:37 |com.atguigu.guli.service.edu.controller.api.ApiSubjectController |执行开始
2022-06-02 12:41:31 |INFO  |http-nio-8110-exec-10 |ApiSubjectController.java:40 |com.atguigu.guli.service.edu.controller.api.ApiSubjectController |执行结束，执行时间：0s
2022-06-02 12:59:34 |INFO  |SpringContextShutdownHook |NacosServiceRegistry.java:74 |com.alibaba.cloud.nacos.registry.NacosServiceRegistry |De-registering from Nacos Server now...
2022-06-02 12:59:34 |INFO  |SpringContextShutdownHook |NacosServiceRegistry.java:93 |com.alibaba.cloud.nacos.registry.NacosServiceRegistry |De-registration finished.
2022-06-02 12:59:34 |INFO  |SpringContextShutdownHook |ExecutorConfigurationSupport.java:208 |org.springframework.scheduling.concurrent.ThreadPoolTaskExecutor |Shutting down ExecutorService 'applicationTaskExecutor'
2022-06-02 12:59:34 |INFO  |SpringContextShutdownHook |HikariDataSource.java:350 |com.zaxxer.hikari.HikariDataSource |HikariPool-1 - Shutdown initiated...
2022-06-02 12:59:34 |INFO  |SpringContextShutdownHook |HikariDataSource.java:352 |com.zaxxer.hikari.HikariDataSource |HikariPool-1 - Shutdown completed.
