2022-05-23 16:05:46 |INFO  |main |SpringApplication.java:655 |com.atguigu.guli.service.ucenter.ServiceUcenterApplication |The following profiles are active: dev
2022-05-23 16:05:47 |INFO  |main |RepositoryConfigurationDelegate.java:246 |org.springframework.data.repository.config.RepositoryConfigurationDelegate |Multiple Spring Data modules found, entering strict repository configuration mode!
2022-05-23 16:05:47 |INFO  |main |RepositoryConfigurationDelegate.java:126 |org.springframework.data.repository.config.RepositoryConfigurationDelegate |Bootstrapping Spring Data repositories in DEFAULT mode.
2022-05-23 16:05:47 |INFO  |main |RepositoryConfigurationDelegate.java:184 |org.springframework.data.repository.config.RepositoryConfigurationDelegate |Finished Spring Data repository scanning in 24ms. Found 0 repository interfaces.
2022-05-23 16:05:47 |INFO  |main |GenericScope.java:295 |org.springframework.cloud.context.scope.GenericScope |BeanFactory id=5304bb69-fb0b-345e-9adf-e2df9271a1dd
2022-05-23 16:05:48 |INFO  |main |PostProcessorRegistrationDelegate.java:330 |org.springframework.context.support.PostProcessorRegistrationDelegate$BeanPostProcessorChecker |Bean 'org.springframework.transaction.annotation.ProxyTransactionManagementConfiguration' of type [org.springframework.transaction.annotation.ProxyTransactionManagementConfiguration] is not eligible for getting processed by all BeanPostProcessors (for example: not eligible for auto-proxying)
2022-05-23 16:05:48 |INFO  |main |PostProcessorRegistrationDelegate.java:330 |org.springframework.context.support.PostProcessorRegistrationDelegate$BeanPostProcessorChecker |Bean 'spring.cloud.sentinel-com.alibaba.cloud.sentinel.SentinelProperties' of type [com.alibaba.cloud.sentinel.SentinelProperties] is not eligible for getting processed by all BeanPostProcessors (for example: not eligible for auto-proxying)
2022-05-23 16:05:48 |INFO  |main |PostProcessorRegistrationDelegate.java:330 |org.springframework.context.support.PostProcessorRegistrationDelegate$BeanPostProcessorChecker |Bean 'com.alibaba.cloud.sentinel.custom.SentinelAutoConfiguration' of type [com.alibaba.cloud.sentinel.custom.SentinelAutoConfiguration$$EnhancerBySpringCGLIB$$af5a461e] is not eligible for getting processed by all BeanPostProcessors (for example: not eligible for auto-proxying)
2022-05-23 16:05:48 |INFO  |main |TomcatWebServer.java:92 |org.springframework.boot.web.embedded.tomcat.TomcatWebServer |Tomcat initialized with port(s): 8160 (http)
2022-05-23 16:05:48 |INFO  |main |DirectJDKLog.java:173 |org.apache.coyote.http11.Http11NioProtocol |Initializing ProtocolHandler ["http-nio-8160"]
2022-05-23 16:05:48 |INFO  |main |DirectJDKLog.java:173 |org.apache.catalina.core.StandardService |Starting service [Tomcat]
2022-05-23 16:05:48 |INFO  |main |DirectJDKLog.java:173 |org.apache.catalina.core.StandardEngine |Starting Servlet engine: [Apache Tomcat/9.0.27]
2022-05-23 16:05:48 |INFO  |main |DirectJDKLog.java:173 |org.apache.catalina.core.ContainerBase.[Tomcat].[localhost].[/] |Initializing Spring embedded WebApplicationContext
2022-05-23 16:05:48 |INFO  |main |ServletWebServerApplicationContext.java:284 |org.springframework.web.context.ContextLoader |Root WebApplicationContext: initialization completed in 2083 ms
2022-05-23 16:05:48 |INFO  |main |SentinelWebAutoConfiguration.java:96 |com.alibaba.cloud.sentinel.SentinelWebAutoConfiguration |[Sentinel Starter] register Sentinel CommonFilter with urlPatterns: [/*].
2022-05-23 16:05:49 |INFO  |main |PropertySourcedRequestMappingHandlerMapping.java:69 |springfox.documentation.spring.web.PropertySourcedRequestMappingHandlerMapping |Mapped URL path [/v2/api-docs] onto method [springfox.documentation.swagger2.web.Swagger2Controller#getDocumentation(String, HttpServletRequest)]
2022-05-23 16:05:49 |INFO  |main |URLConfigurationSource.java:122 |com.netflix.config.sources.URLConfigurationSource |To enable URLs as dynamic configuration sources, define System property archaius.configurationSource.additionalUrls or make config.properties available on classpath.
2022-05-23 16:05:49 |INFO  |main |URLConfigurationSource.java:122 |com.netflix.config.sources.URLConfigurationSource |To enable URLs as dynamic configuration sources, define System property archaius.configurationSource.additionalUrls or make config.properties available on classpath.
2022-05-23 16:05:49 |INFO  |main |ExecutorConfigurationSupport.java:171 |org.springframework.scheduling.concurrent.ThreadPoolTaskExecutor |Initializing ExecutorService 'applicationTaskExecutor'
2022-05-23 16:05:50 |INFO  |main |ExecutorConfigurationSupport.java:171 |org.springframework.scheduling.concurrent.ThreadPoolTaskScheduler |Initializing ExecutorService
2022-05-23 16:05:50 |INFO  |main |DocumentationPluginsBootstrapper.java:147 |springfox.documentation.spring.web.plugins.DocumentationPluginsBootstrapper |Context refreshed
2022-05-23 16:05:50 |INFO  |main |DocumentationPluginsBootstrapper.java:150 |springfox.documentation.spring.web.plugins.DocumentationPluginsBootstrapper |Found 2 custom documentation plugin(s)
2022-05-23 16:05:50 |INFO  |main |ApiListingReferenceScanner.java:41 |springfox.documentation.spring.web.scanners.ApiListingReferenceScanner |Scanning for api listing references
2022-05-23 16:05:50 |INFO  |main |ApiListingReferenceScanner.java:41 |springfox.documentation.spring.web.scanners.ApiListingReferenceScanner |Scanning for api listing references
2022-05-23 16:05:50 |INFO  |main |DirectJDKLog.java:173 |org.apache.coyote.http11.Http11NioProtocol |Starting ProtocolHandler ["http-nio-8160"]
2022-05-23 16:05:50 |INFO  |main |TomcatWebServer.java:204 |org.springframework.boot.web.embedded.tomcat.TomcatWebServer |Tomcat started on port(s): 8160 (http) with context path ''
2022-05-23 16:05:50 |INFO  |main |NacosServiceRegistry.java:62 |com.alibaba.cloud.nacos.registry.NacosServiceRegistry |nacos registry, service-ucenter 192.168.31.205:8160 register finished
2022-05-23 16:05:50 |INFO  |main |StartupInfoLogger.java:61 |com.atguigu.guli.service.ucenter.ServiceUcenterApplication |Started ServiceUcenterApplication in 5.413 seconds (JVM running for 6.093)
2022-05-23 16:06:42 |INFO  |http-nio-8160-exec-1 |DirectJDKLog.java:173 |org.apache.catalina.core.ContainerBase.[Tomcat].[localhost].[/] |Initializing Spring DispatcherServlet 'dispatcherServlet'
2022-05-23 16:06:42 |INFO  |http-nio-8160-exec-1 |FrameworkServlet.java:525 |org.springframework.web.servlet.DispatcherServlet |Initializing Servlet 'dispatcherServlet'
2022-05-23 16:06:42 |INFO  |http-nio-8160-exec-1 |FrameworkServlet.java:547 |org.springframework.web.servlet.DispatcherServlet |Completed initialization in 39 ms
2022-05-23 16:08:32 |INFO  |http-nio-8160-exec-6 |HikariDataSource.java:110 |com.zaxxer.hikari.HikariDataSource |HikariPool-1 - Starting...
2022-05-23 16:08:33 |INFO  |http-nio-8160-exec-6 |HikariDataSource.java:123 |com.zaxxer.hikari.HikariDataSource |HikariPool-1 - Start completed.
2022-05-23 16:08:33 |INFO  |http-nio-8160-exec-6 |EpollProvider.java:68 |io.lettuce.core.EpollProvider |Starting without optional epoll library
2022-05-23 16:08:33 |INFO  |http-nio-8160-exec-6 |KqueueProvider.java:70 |io.lettuce.core.KqueueProvider |Starting without optional kqueue library
2022-05-23 16:10:20 |INFO  |SpringContextShutdownHook |NacosServiceRegistry.java:74 |com.alibaba.cloud.nacos.registry.NacosServiceRegistry |De-registering from Nacos Server now...
2022-05-23 16:10:21 |INFO  |SpringContextShutdownHook |NacosServiceRegistry.java:93 |com.alibaba.cloud.nacos.registry.NacosServiceRegistry |De-registration finished.
2022-05-23 16:10:21 |INFO  |SpringContextShutdownHook |ExecutorConfigurationSupport.java:208 |org.springframework.scheduling.concurrent.ThreadPoolTaskExecutor |Shutting down ExecutorService 'applicationTaskExecutor'
2022-05-23 16:10:21 |INFO  |SpringContextShutdownHook |HikariDataSource.java:350 |com.zaxxer.hikari.HikariDataSource |HikariPool-1 - Shutdown initiated...
2022-05-23 16:10:21 |INFO  |SpringContextShutdownHook |HikariDataSource.java:352 |com.zaxxer.hikari.HikariDataSource |HikariPool-1 - Shutdown completed.
2022-05-23 16:10:25 |INFO  |main |SpringApplication.java:655 |com.atguigu.guli.service.ucenter.ServiceUcenterApplication |The following profiles are active: dev
2022-05-23 16:10:26 |INFO  |main |RepositoryConfigurationDelegate.java:246 |org.springframework.data.repository.config.RepositoryConfigurationDelegate |Multiple Spring Data modules found, entering strict repository configuration mode!
2022-05-23 16:10:26 |INFO  |main |RepositoryConfigurationDelegate.java:126 |org.springframework.data.repository.config.RepositoryConfigurationDelegate |Bootstrapping Spring Data repositories in DEFAULT mode.
2022-05-23 16:10:26 |INFO  |main |RepositoryConfigurationDelegate.java:184 |org.springframework.data.repository.config.RepositoryConfigurationDelegate |Finished Spring Data repository scanning in 20ms. Found 0 repository interfaces.
2022-05-23 16:10:26 |INFO  |main |GenericScope.java:295 |org.springframework.cloud.context.scope.GenericScope |BeanFactory id=5304bb69-fb0b-345e-9adf-e2df9271a1dd
2022-05-23 16:10:26 |INFO  |main |PostProcessorRegistrationDelegate.java:330 |org.springframework.context.support.PostProcessorRegistrationDelegate$BeanPostProcessorChecker |Bean 'org.springframework.transaction.annotation.ProxyTransactionManagementConfiguration' of type [org.springframework.transaction.annotation.ProxyTransactionManagementConfiguration] is not eligible for getting processed by all BeanPostProcessors (for example: not eligible for auto-proxying)
2022-05-23 16:10:26 |INFO  |main |PostProcessorRegistrationDelegate.java:330 |org.springframework.context.support.PostProcessorRegistrationDelegate$BeanPostProcessorChecker |Bean 'spring.cloud.sentinel-com.alibaba.cloud.sentinel.SentinelProperties' of type [com.alibaba.cloud.sentinel.SentinelProperties] is not eligible for getting processed by all BeanPostProcessors (for example: not eligible for auto-proxying)
2022-05-23 16:10:26 |INFO  |main |PostProcessorRegistrationDelegate.java:330 |org.springframework.context.support.PostProcessorRegistrationDelegate$BeanPostProcessorChecker |Bean 'com.alibaba.cloud.sentinel.custom.SentinelAutoConfiguration' of type [com.alibaba.cloud.sentinel.custom.SentinelAutoConfiguration$$EnhancerBySpringCGLIB$$ec4cd862] is not eligible for getting processed by all BeanPostProcessors (for example: not eligible for auto-proxying)
2022-05-23 16:10:27 |INFO  |main |TomcatWebServer.java:92 |org.springframework.boot.web.embedded.tomcat.TomcatWebServer |Tomcat initialized with port(s): 8160 (http)
2022-05-23 16:10:27 |INFO  |main |DirectJDKLog.java:173 |org.apache.coyote.http11.Http11NioProtocol |Initializing ProtocolHandler ["http-nio-8160"]
2022-05-23 16:10:27 |INFO  |main |DirectJDKLog.java:173 |org.apache.catalina.core.StandardService |Starting service [Tomcat]
2022-05-23 16:10:27 |INFO  |main |DirectJDKLog.java:173 |org.apache.catalina.core.StandardEngine |Starting Servlet engine: [Apache Tomcat/9.0.27]
2022-05-23 16:10:27 |INFO  |main |DirectJDKLog.java:173 |org.apache.catalina.core.ContainerBase.[Tomcat].[localhost].[/] |Initializing Spring embedded WebApplicationContext
2022-05-23 16:10:27 |INFO  |main |ServletWebServerApplicationContext.java:284 |org.springframework.web.context.ContextLoader |Root WebApplicationContext: initialization completed in 1851 ms
2022-05-23 16:10:27 |INFO  |main |SentinelWebAutoConfiguration.java:96 |com.alibaba.cloud.sentinel.SentinelWebAutoConfiguration |[Sentinel Starter] register Sentinel CommonFilter with urlPatterns: [/*].
2022-05-23 16:10:28 |INFO  |main |PropertySourcedRequestMappingHandlerMapping.java:69 |springfox.documentation.spring.web.PropertySourcedRequestMappingHandlerMapping |Mapped URL path [/v2/api-docs] onto method [springfox.documentation.swagger2.web.Swagger2Controller#getDocumentation(String, HttpServletRequest)]
2022-05-23 16:10:28 |INFO  |main |URLConfigurationSource.java:122 |com.netflix.config.sources.URLConfigurationSource |To enable URLs as dynamic configuration sources, define System property archaius.configurationSource.additionalUrls or make config.properties available on classpath.
2022-05-23 16:10:28 |INFO  |main |URLConfigurationSource.java:122 |com.netflix.config.sources.URLConfigurationSource |To enable URLs as dynamic configuration sources, define System property archaius.configurationSource.additionalUrls or make config.properties available on classpath.
2022-05-23 16:10:28 |INFO  |main |ExecutorConfigurationSupport.java:171 |org.springframework.scheduling.concurrent.ThreadPoolTaskExecutor |Initializing ExecutorService 'applicationTaskExecutor'
2022-05-23 16:10:28 |INFO  |main |ExecutorConfigurationSupport.java:171 |org.springframework.scheduling.concurrent.ThreadPoolTaskScheduler |Initializing ExecutorService
2022-05-23 16:10:28 |INFO  |main |DocumentationPluginsBootstrapper.java:147 |springfox.documentation.spring.web.plugins.DocumentationPluginsBootstrapper |Context refreshed
2022-05-23 16:10:28 |INFO  |main |DocumentationPluginsBootstrapper.java:150 |springfox.documentation.spring.web.plugins.DocumentationPluginsBootstrapper |Found 2 custom documentation plugin(s)
2022-05-23 16:10:28 |INFO  |main |ApiListingReferenceScanner.java:41 |springfox.documentation.spring.web.scanners.ApiListingReferenceScanner |Scanning for api listing references
2022-05-23 16:10:28 |INFO  |main |ApiListingReferenceScanner.java:41 |springfox.documentation.spring.web.scanners.ApiListingReferenceScanner |Scanning for api listing references
2022-05-23 16:10:28 |INFO  |main |DirectJDKLog.java:173 |org.apache.coyote.http11.Http11NioProtocol |Starting ProtocolHandler ["http-nio-8160"]
2022-05-23 16:10:29 |INFO  |main |TomcatWebServer.java:204 |org.springframework.boot.web.embedded.tomcat.TomcatWebServer |Tomcat started on port(s): 8160 (http) with context path ''
2022-05-23 16:10:29 |INFO  |main |NacosServiceRegistry.java:62 |com.alibaba.cloud.nacos.registry.NacosServiceRegistry |nacos registry, service-ucenter 192.168.31.205:8160 register finished
2022-05-23 16:10:29 |INFO  |main |StartupInfoLogger.java:61 |com.atguigu.guli.service.ucenter.ServiceUcenterApplication |Started ServiceUcenterApplication in 5.06 seconds (JVM running for 5.69)
2022-05-23 16:10:53 |INFO  |http-nio-8160-exec-1 |DirectJDKLog.java:173 |org.apache.catalina.core.ContainerBase.[Tomcat].[localhost].[/] |Initializing Spring DispatcherServlet 'dispatcherServlet'
2022-05-23 16:10:53 |INFO  |http-nio-8160-exec-1 |FrameworkServlet.java:525 |org.springframework.web.servlet.DispatcherServlet |Initializing Servlet 'dispatcherServlet'
2022-05-23 16:10:53 |INFO  |http-nio-8160-exec-1 |FrameworkServlet.java:547 |org.springframework.web.servlet.DispatcherServlet |Completed initialization in 48 ms
2022-05-23 16:11:24 |INFO  |http-nio-8160-exec-9 |HikariDataSource.java:110 |com.zaxxer.hikari.HikariDataSource |HikariPool-1 - Starting...
2022-05-23 16:11:24 |INFO  |http-nio-8160-exec-9 |HikariDataSource.java:123 |com.zaxxer.hikari.HikariDataSource |HikariPool-1 - Start completed.
2022-05-23 16:11:24 |INFO  |http-nio-8160-exec-9 |EpollProvider.java:68 |io.lettuce.core.EpollProvider |Starting without optional epoll library
2022-05-23 16:11:24 |INFO  |http-nio-8160-exec-9 |KqueueProvider.java:70 |io.lettuce.core.KqueueProvider |Starting without optional kqueue library
2022-05-23 21:44:45 |INFO  |SpringContextShutdownHook |NacosServiceRegistry.java:74 |com.alibaba.cloud.nacos.registry.NacosServiceRegistry |De-registering from Nacos Server now...
2022-05-23 21:44:45 |INFO  |SpringContextShutdownHook |NacosServiceRegistry.java:93 |com.alibaba.cloud.nacos.registry.NacosServiceRegistry |De-registration finished.
2022-05-23 21:44:45 |INFO  |SpringContextShutdownHook |ExecutorConfigurationSupport.java:208 |org.springframework.scheduling.concurrent.ThreadPoolTaskExecutor |Shutting down ExecutorService 'applicationTaskExecutor'
2022-05-23 21:44:46 |INFO  |SpringContextShutdownHook |HikariDataSource.java:350 |com.zaxxer.hikari.HikariDataSource |HikariPool-1 - Shutdown initiated...
2022-05-23 21:44:46 |INFO  |SpringContextShutdownHook |HikariDataSource.java:352 |com.zaxxer.hikari.HikariDataSource |HikariPool-1 - Shutdown completed.
