2022-05-15 10:54:12 |WARN  |main |Logger.java:44 |org.mybatis.spring.mapper.ClassPathMapperScanner |No MyBatis mapper was found in '[com.atguigu.guli.service.*.mapper]' package. Please check your configuration.
2022-05-15 10:54:13 |WARN  |main |URLConfigurationSource.java:121 |com.netflix.config.sources.URLConfigurationSource |No URLs will be polled as dynamic configuration sources.
2022-05-15 10:54:13 |WARN  |main |URLConfigurationSource.java:121 |com.netflix.config.sources.URLConfigurationSource |No URLs will be polled as dynamic configuration sources.
2022-05-15 10:54:46 |WARN  |http-nio-8120-exec-2 |LogUtils.java:70 |com.aliyun.oss |Unable to parse response error: null: Error on line 1: 将功能 "http://apache.org/xml/features/disallow-doctype-decl" 设置为“真”时, 不允许使用 DOCTYPE。
2022-05-15 10:54:51 |WARN  |http-nio-8120-exec-3 |LogUtils.java:70 |com.aliyun.oss |Unable to parse response error: null: Error on line 1: 将功能 "http://apache.org/xml/features/disallow-doctype-decl" 设置为“真”时, 不允许使用 DOCTYPE。
2022-05-15 10:54:52 |WARN  |http-nio-8120-exec-2 |LogUtils.java:70 |com.aliyun.oss |[Server]Unable to execute HTTP request: 返回结果无效，无法解析。
[ErrorCode]: InvalidResponse
[RequestId]: null
[HostId]: null
[ResponseError]:
<?xml version="1.0" encoding="UTF-8"?>
<WISPAccessGatewayParam xmlns:xsi="http://www.w3.org/2001/XMLSchema-instance"  xsi:noNamespaceSchemaLocation="http://www.acmewisp.com/WISPAccessGatewayParam.xsd">
<Proxy>
<MessageType>110</MessageType>
<NextURL>http://172.20.3.81/index_49.html?usermac=18-3E-EF-E7-CB-56&user%5Fip=10.103.115.50&nas%5Fip=192%2E168%2E206%2E10</NextURL>
<ResponseCode>200</ResponseCode>
</Proxy>
</WISPAccessGatewayParam>

2022-05-15 10:54:57 |WARN  |http-nio-8120-exec-3 |LogUtils.java:70 |com.aliyun.oss |[Server]Unable to execute HTTP request: 返回结果无效，无法解析。
[ErrorCode]: InvalidResponse
[RequestId]: null
[HostId]: null
[ResponseError]:
<?xml version="1.0" encoding="UTF-8"?>
<WISPAccessGatewayParam xmlns:xsi="http://www.w3.org/2001/XMLSchema-instance"  xsi:noNamespaceSchemaLocation="http://www.acmewisp.com/WISPAccessGatewayParam.xsd">
<Proxy>
<MessageType>110</MessageType>
<NextURL>http://172.20.3.81/index_49.html?usermac=18-3E-EF-E7-CB-56&user%5Fip=10.103.115.50&nas%5Fip=192%2E168%2E206%2E10</NextURL>
<ResponseCode>200</ResponseCode>
</Proxy>
</WISPAccessGatewayParam>

2022-05-15 10:55:41 |WARN  |http-nio-8120-exec-4 |LogUtils.java:70 |com.aliyun.oss |Unable to parse response error: null: Error on line 1: 将功能 "http://apache.org/xml/features/disallow-doctype-decl" 设置为“真”时, 不允许使用 DOCTYPE。
2022-05-15 10:55:46 |WARN  |http-nio-8120-exec-4 |LogUtils.java:70 |com.aliyun.oss |[Server]Unable to execute HTTP request: 返回结果无效，无法解析。
[ErrorCode]: InvalidResponse
[RequestId]: null
[HostId]: null
[ResponseError]:
<?xml version="1.0" encoding="UTF-8"?>
<WISPAccessGatewayParam xmlns:xsi="http://www.w3.org/2001/XMLSchema-instance"  xsi:noNamespaceSchemaLocation="http://www.acmewisp.com/WISPAccessGatewayParam.xsd">
<Proxy>
<MessageType>110</MessageType>
<NextURL>http://172.20.3.81/index_49.html?usermac=18-3E-EF-E7-CB-56&user%5Fip=10.103.115.50&nas%5Fip=192%2E168%2E206%2E10</NextURL>
<ResponseCode>200</ResponseCode>
</Proxy>
</WISPAccessGatewayParam>

2022-05-15 14:38:44 |WARN  |main |Logger.java:44 |org.mybatis.spring.mapper.ClassPathMapperScanner |No MyBatis mapper was found in '[com.atguigu.guli.service.*.mapper]' package. Please check your configuration.
2022-05-15 14:38:45 |WARN  |main |URLConfigurationSource.java:121 |com.netflix.config.sources.URLConfigurationSource |No URLs will be polled as dynamic configuration sources.
2022-05-15 14:38:45 |WARN  |main |URLConfigurationSource.java:121 |com.netflix.config.sources.URLConfigurationSource |No URLs will be polled as dynamic configuration sources.
